Log file open, 06/27/18 14:41:42
LogWindows: Failed to load 'aqProf.dll' (GetLastError=126)
LogWindows: File 'aqProf.dll' does not exist
LogWindows: Failed to load 'VtuneApi.dll' (GetLastError=126)
LogWindows: File 'VtuneApi.dll' does not exist
LogWindows: Failed to load 'VtuneApi32e.dll' (GetLastError=126)
LogWindows: File 'VtuneApi32e.dll' does not exist
LogInit: Display: Running engine for game: WetCigStudios
LogPlatformFile: Not using cached read wrapper
LogInit: Display: RandInit(348577770) SRandInit(348577770).
LogInit: Read version file with build ID '3944462'
LogInit: Overriding engine version to CL 4033788, compatible CL 3944462
LogInit: Registered custom module enumerator with build ID '3944462'
LogTaskGraph: Started task graph with 5 named threads and 23 total threads with 3 sets of task threads.
LogStats: Stats thread started at 0.273893
LogD3D11RHI: Aftermath initialized
LogICUInternationalization: Display: ICU TimeZone Detection - Raw Offset: -5:00, Platform Override: ''
LogModuleManager: Display: Found up-to-date module file ../../../Engine/Plugins/Runtime/PhysXVehicles/Binaries/Win64/UE4Editor-PhysXVehicles.dll (API version 3944462).
LogModuleManager: Display: Found up-to-date module file ../../../Engine/Plugins/Runtime/PhysXVehicles/Binaries/Win64/UE4Editor-PhysXVehiclesEditor.dll (API version 3944462).
LogModuleManager: Display: Found up-to-date module file ../../../Engine/Plugins/Experimental/RawInput/Binaries/Win64/UE4Editor-RawInput.dll (API version 3944462).
LogModuleManager: Display: Found up-to-date module file ../../../Engine/Plugins/2D/Paper2D/Binaries/Win64/UE4Editor-Paper2D.dll (API version 3944462).
LogModuleManager: Display: Found up-to-date module file ../../../Engine/Plugins/2D/Paper2D/Binaries/Win64/UE4Editor-Paper2DEditor.dll (API version 3944462).
LogModuleManager: Display: Found up-to-date module file ../../../Engine/Plugins/2D/Paper2D/Binaries/Win64/UE4Editor-PaperSpriteSheetImporter.dll (API version 3944462).
LogModuleManager: Display: Found up-to-date module file ../../../Engine/Plugins/2D/Paper2D/Binaries/Win64/UE4Editor-PaperTiledImporter.dll (API version 3944462).
LogModuleManager: Display: Found up-to-date module file ../../../Engine/Plugins/2D/Paper2D/Binaries/Win64/UE4Editor-SmartSnapping.dll (API version 3944462).
LogModuleManager: Display: Found up-to-date module file ../../../Engine/Plugins/Blendables/LightPropagationVolume/Binaries/Win64/UE4Editor-LightPropagationVolumeRuntime.dll (API version 3944462).
LogModuleManager: Display: Found up-to-date module file ../../../Engine/Plugins/Blendables/LightPropagationVolume/Binaries/Win64/UE4Editor-LightPropagationVolumeEditor.dll (API version 3944462).
LogModuleManager: Display: Found up-to-date module file ../../../Engine/Plugins/Developer/CLionSourceCodeAccess/Binaries/Win64/UE4Editor-CLionSourceCodeAccess.dll (API version 3944462).
LogModuleManager: Display: Found up-to-date module file ../../../Engine/Plugins/Developer/GitSourceControl/Binaries/Win64/UE4Editor-GitSourceControl.dll (API version 3944462).
LogModuleManager: Display: Found up-to-date module file ../../../Engine/Plugins/Developer/PerforceSourceControl/Binaries/Win64/UE4Editor-PerforceSourceControl.dll (API version 3944462).
LogModuleManager: Display: Found up-to-date module file ../../../Engine/Plugins/Developer/SubversionSourceControl/Binaries/Win64/UE4Editor-SubversionSourceControl.dll (API version 3944462).
LogModuleManager: Display: Found up-to-date module file ../../../Engine/Plugins/Developer/UObjectPlugin/Binaries/Win64/UE4Editor-UObjectPlugin.dll (API version 3944462).
LogModuleManager: Display: Found up-to-date module file ../../../Engine/Plugins/Developer/VisualStudioCodeSourceCodeAccess/Binaries/Win64/UE4Editor-VisualStudioCodeSourceCodeAccess.dll (API version 3944462).
LogModuleManager: Display: Found up-to-date module file ../../../Engine/Plugins/Developer/VisualStudioSourceCodeAccess/Binaries/Win64/UE4Editor-VisualStudioSourceCodeAccess.dll (API version 3944462).
LogModuleManager: Display: Found up-to-date module file ../../../Engine/Plugins/Editor/AssetManagerEditor/Binaries/Win64/UE4Editor-AssetManagerEditor.dll (API version 3944462).
LogModuleManager: Display: Found up-to-date module file ../../../Engine/Plugins/Editor/CryptoKeys/Binaries/Win64/UE4Editor-CryptoKeys.dll (API version 3944462).
LogModuleManager: Display: Found up-to-date module file ../../../Engine/Plugins/Editor/CryptoKeys/Binaries/Win64/UE4Editor-CryptoKeysOpenSSL.dll (API version 3944462).
LogModuleManager: Display: Found up-to-date module file ../../../Engine/Plugins/Editor/DataValidation/Binaries/Win64/UE4Editor-DataValidation.dll (API version 3944462).
LogModuleManager: Display: Found up-to-date module file ../../../Engine/Plugins/Editor/FacialAnimation/Binaries/Win64/UE4Editor-FacialAnimation.dll (API version 3944462).
LogModuleManager: Display: Found up-to-date module file ../../../Engine/Plugins/Editor/FacialAnimation/Binaries/Win64/UE4Editor-FacialAnimationEditor.dll (API version 3944462).
LogModuleManager: Display: Found up-to-date module file ../../../Engine/Plugins/Editor/GameplayTagsEditor/Binaries/Win64/UE4Editor-GameplayTagsEditor.dll (API version 3944462).
LogModuleManager: Display: Found up-to-date module file ../../../Engine/Plugins/Editor/MobileLauncherProfileWizard/Binaries/Win64/UE4Editor-MobileLauncherProfileWizard.dll (API version 3944462).
LogModuleManager: Display: Found up-to-date module file ../../../Engine/Plugins/Editor/PluginBrowser/Binaries/Win64/UE4Editor-PluginBrowser.dll (API version 3944462).
LogModuleManager: Display: Found up-to-date module file ../../../Engine/Plugins/Editor/SpeedTreeImporter/Binaries/Win64/UE4Editor-SpeedTreeImporter.dll (API version 3944462).
LogModuleManager: Display: Found up-to-date module file ../../../Engine/Plugins/Enterprise/DatasmithContent/Binaries/Win64/UE4Editor-DatasmithContent.dll (API version 3944462).
LogModuleManager: Display: Found up-to-date module file ../../../Engine/Plugins/Experimental/AlembicImporter/Binaries/Win64/UE4Editor-AlembicImporter.dll (API version 3944462).
LogModuleManager: Display: Found up-to-date module file ../../../Engine/Plugins/Experimental/AlembicImporter/Binaries/Win64/UE4Editor-AlembicLibrary.dll (API version 3944462).
LogModuleManager: Display: Found up-to-date module file ../../../Engine/Plugins/Experimental/CharacterAI/Binaries/Win64/UE4Editor-CharacterAI.dll (API version 3944462).
LogModuleManager: Display: Found up-to-date module file ../../../Engine/Plugins/Experimental/HTML5Networking/Binaries/Win64/UE4Editor-HTML5Networking.dll (API version 3944462).
LogModuleManager: Display: Found up-to-date module file ../../../Engine/Plugins/Media/AndroidMedia/Binaries/Win64/UE4Editor-AndroidMediaEditor.dll (API version 3944462).
LogModuleManager: Display: Found up-to-date module file ../../../Engine/Plugins/Media/AndroidMedia/Binaries/Win64/UE4Editor-AndroidMediaFactory.dll (API version 3944462).
LogModuleManager: Display: Found up-to-date module file ../../../Engine/Plugins/Media/AvfMedia/Binaries/Win64/UE4Editor-AvfMediaEditor.dll (API version 3944462).
LogModuleManager: Display: Found up-to-date module file ../../../Engine/Plugins/Media/AvfMedia/Binaries/Win64/UE4Editor-AvfMediaFactory.dll (API version 3944462).
LogModuleManager: Display: Found up-to-date module file ../../../Engine/Plugins/Media/AvfMedia/Binaries/Win64/UE4Editor-AvfMediaFactory.dll (API version 3944462).
LogModuleManager: Display: Found up-to-date module file ../../../Engine/Plugins/Media/ImgMedia/Binaries/Win64/UE4Editor-ImgMedia.dll (API version 3944462).
LogModuleManager: Display: Found up-to-date module file ../../../Engine/Plugins/Media/ImgMedia/Binaries/Win64/UE4Editor-ImgMediaEditor.dll (API version 3944462).
LogModuleManager: Display: Found up-to-date module file ../../../Engine/Plugins/Media/ImgMedia/Binaries/Win64/UE4Editor-ImgMediaFactory.dll (API version 3944462).
LogModuleManager: Display: Found up-to-date module file ../../../Engine/Plugins/Media/ImgMedia/Binaries/Win64/UE4Editor-ImgMediaFactory.dll (API version 3944462).
LogModuleManager: Display: Found up-to-date module file ../../../Engine/Plugins/Media/ImgMedia/Binaries/Win64/UE4Editor-OpenExrWrapper.dll (API version 3944462).
LogModuleManager: Display: Found up-to-date module file ../../../Engine/Plugins/Media/LinearTimecode/Binaries/Win64/UE4Editor-LinearTimecode.dll (API version 3944462).
LogModuleManager: Display: Found up-to-date module file ../../../Engine/Plugins/Media/MediaCompositing/Binaries/Win64/UE4Editor-MediaCompositing.dll (API version 3944462).
LogModuleManager: Display: Found up-to-date module file ../../../Engine/Plugins/Media/MediaCompositing/Binaries/Win64/UE4Editor-MediaCompositingEditor.dll (API version 3944462).
LogModuleManager: Display: Found up-to-date module file ../../../Engine/Plugins/Media/MediaPlayerEditor/Binaries/Win64/UE4Editor-MediaPlayerEditor.dll (API version 3944462).
LogModuleManager: Display: Found up-to-date module file ../../../Engine/Plugins/Media/WmfMedia/Binaries/Win64/UE4Editor-WmfMedia.dll (API version 3944462).
LogModuleManager: Display: Found up-to-date module file ../../../Engine/Plugins/Media/WmfMedia/Binaries/Win64/UE4Editor-WmfMediaEditor.dll (API version 3944462).
LogModuleManager: Display: Found up-to-date module file ../../../Engine/Plugins/Media/WmfMedia/Binaries/Win64/UE4Editor-WmfMediaFactory.dll (API version 3944462).
LogModuleManager: Display: Found up-to-date module file ../../../Engine/Plugins/Media/WmfMedia/Binaries/Win64/UE4Editor-WmfMediaFactory.dll (API version 3944462).
LogModuleManager: Display: Found up-to-date module file ../../../Engine/Plugins/Messaging/TcpMessaging/Binaries/Win64/UE4Editor-TcpMessaging.dll (API version 3944462).
LogModuleManager: Display: Found up-to-date module file ../../../Engine/Plugins/Messaging/UdpMessaging/Binaries/Win64/UE4Editor-UdpMessaging.dll (API version 3944462).
LogModuleManager: Display: Found up-to-date module file ../../../Engine/Plugins/MovieScene/ActorSequence/Binaries/Win64/UE4Editor-ActorSequence.dll (API version 3944462).
LogModuleManager: Display: Found up-to-date module file ../../../Engine/Plugins/MovieScene/LevelSequenceEditor/Binaries/Win64/UE4Editor-LevelSequenceEditor.dll (API version 3944462).
LogModuleManager: Display: Found up-to-date module file ../../../Engine/Plugins/MovieScene/MatineeToLevelSequence/Binaries/Win64/UE4Editor-MatineeToLevelSequence.dll (API version 3944462).
LogModuleManager: Display: Found up-to-date module file ../../../Engine/Plugins/NetcodeUnitTest/NetcodeUnitTest/Binaries/Win64/UE4Editor-NetcodeUnitTest.dll (API version 3944462).
LogModuleManager: Display: Found up-to-date module file ../../../Engine/Plugins/NetcodeUnitTest/NUTUnrealEngine4/Binaries/Win64/UE4Editor-NUTUnrealEngine4.dll (API version 3944462).
LogModuleManager: Display: Found up-to-date module file ../../../Engine/Plugins/Online/OnlineSubsystem/Binaries/Win64/UE4Editor-OnlineSubsystem.dll (API version 3944462).
LogModuleManager: Display: Found up-to-date module file ../../../Engine/Plugins/Runtime/AndroidPermission/Binaries/Win64/UE4Editor-AndroidPermission.dll (API version 3944462).
LogModuleManager: Display: Found up-to-date module file ../../../Engine/Plugins/Online/OnlineSubsystemNull/Binaries/Win64/UE4Editor-OnlineSubsystemNull.dll (API version 3944462).
LogModuleManager: Display: Found up-to-date module file ../../../Engine/Plugins/Online/OnlineSubsystemUtils/Binaries/Win64/UE4Editor-OnlineSubsystemUtils.dll (API version 3944462).
LogModuleManager: Display: Found up-to-date module file ../../../Engine/Plugins/Online/OnlineSubsystemUtils/Binaries/Win64/UE4Editor-OnlineBlueprintSupport.dll (API version 3944462).
LogModuleManager: Display: Found up-to-date module file ../../../Engine/Plugins/Runtime/AndroidDeviceProfileSelector/Binaries/Win64/UE4Editor-AndroidDeviceProfileSelector.dll (API version 3944462).
LogModuleManager: Display: Found up-to-date module file ../../../Engine/Plugins/Runtime/AppleARKit/Binaries/Win64/UE4Editor-AppleARKit.dll (API version 3944462).
LogModuleManager: Display: Found up-to-date module file ../../../Engine/Plugins/Runtime/ProceduralMeshComponent/Binaries/Win64/UE4Editor-ProceduralMeshComponent.dll (API version 3944462).
LogModuleManager: Display: Found up-to-date module file ../../../Engine/Plugins/Runtime/ProceduralMeshComponent/Binaries/Win64/UE4Editor-ProceduralMeshComponentEditor.dll (API version 3944462).
LogModuleManager: Display: Found up-to-date module file ../../../Engine/Plugins/Animation/LiveLink/Binaries/Win64/UE4Editor-LiveLink.dll (API version 3944462).
LogModuleManager: Display: Found up-to-date module file ../../../Engine/Plugins/Animation/LiveLink/Binaries/Win64/UE4Editor-LiveLinkEditor.dll (API version 3944462).
LogModuleManager: Display: Found up-to-date module file ../../../Engine/Plugins/Runtime/ArchVisCharacter/Binaries/Win64/UE4Editor-ArchVisCharacter.dll (API version 3944462).
LogModuleManager: Display: Found up-to-date module file ../../../Engine/Plugins/Runtime/AudioCapture/Binaries/Win64/UE4Editor-AudioCapture.dll (API version 3944462).
LogModuleManager: Display: Found up-to-date module file ../../../Engine/Plugins/Runtime/AudioCapture/Binaries/Win64/UE4Editor-AudioCaptureEditor.dll (API version 3944462).
LogModuleManager: Display: Found up-to-date module file ../../../Engine/Plugins/Runtime/CableComponent/Binaries/Win64/UE4Editor-CableComponent.dll (API version 3944462).
LogModuleManager: Display: Found up-to-date module file ../../../Engine/Plugins/Runtime/CustomMeshComponent/Binaries/Win64/UE4Editor-CustomMeshComponent.dll (API version 3944462).
LogModuleManager: Display: Found up-to-date module file ../../../Engine/Plugins/Runtime/ExampleDeviceProfileSelector/Binaries/Win64/UE4Editor-ExampleDeviceProfileSelector.dll (API version 3944462).
LogModuleManager: Display: Found up-to-date module file ../../../Engine/Plugins/Runtime/ImmediatePhysics/Binaries/Win64/UE4Editor-ImmediatePhysics.dll (API version 3944462).
LogModuleManager: Display: Found up-to-date module file ../../../Engine/Plugins/Runtime/ImmediatePhysics/Binaries/Win64/UE4Editor-ImmediatePhysicsEditor.dll (API version 3944462).
LogModuleManager: Display: Found up-to-date module file ../../../Engine/Plugins/Runtime/LocationServicesBPLibrary/Binaries/Win64/UE4Editor-LocationServicesBPLibrary.dll (API version 3944462).
LogModuleManager: Display: Found up-to-date module file ../../../Engine/Plugins/Runtime/MobilePatchingUtils/Binaries/Win64/UE4Editor-MobilePatchingUtils.dll (API version 3944462).
LogModuleManager: Display: Found up-to-date module file ../../../Engine/Plugins/Runtime/Oculus/OculusVR/Binaries/Win64/UE4Editor-OculusHMD.dll (API version 3944462).
LogModuleManager: Display: Found up-to-date module file ../../../Engine/Plugins/Runtime/Oculus/OculusVR/Binaries/Win64/UE4Editor-OculusInput.dll (API version 3944462).
LogModuleManager: Display: Found up-to-date module file ../../../Engine/Plugins/Runtime/Oculus/OculusVR/Binaries/Win64/UE4Editor-OculusEditor.dll (API version 3944462).
LogModuleManager: Display: Found up-to-date module file ../../../Engine/Plugins/Runtime/RuntimePhysXCooking/Binaries/Win64/UE4Editor-RuntimePhysXCooking.dll (API version 3944462).
LogModuleManager: Display: Found up-to-date module file ../../../Engine/Plugins/Runtime/Steam/SteamVR/Binaries/Win64/UE4Editor-SteamVR.dll (API version 3944462).
LogModuleManager: Display: Found up-to-date module file ../../../Engine/Plugins/Runtime/Steam/SteamVR/Binaries/Win64/UE4Editor-SteamVRController.dll (API version 3944462).
LogModuleManager: Display: Found up-to-date module file ../../../Engine/Plugins/Runtime/WindowsMoviePlayer/Binaries/Win64/UE4Editor-WindowsMoviePlayer.dll (API version 3944462).
LogPluginManager: Mounting plugin Paper2D
LogPluginManager: Mounting plugin LiveLink
LogPluginManager: Mounting plugin LightPropagationVolume
LogPluginManager: Mounting plugin CLionSourceCodeAccess
LogPluginManager: Mounting plugin CodeLiteSourceCodeAccess
LogPluginManager: Mounting plugin GitSourceControl
LogPluginManager: Mounting plugin KDevelopSourceCodeAccess
LogPluginManager: Mounting plugin NullSourceCodeAccess
LogPluginManager: Mounting plugin PerforceSourceControl
LogPluginManager: Mounting plugin SubversionSourceControl
LogPluginManager: Mounting plugin UObjectPlugin
LogPluginManager: Mounting plugin VisualStudioCodeSourceCodeAccess
LogPluginManager: Mounting plugin VisualStudioSourceCodeAccess
LogPluginManager: Mounting plugin XCodeSourceCodeAccess
LogPluginManager: Mounting plugin AssetManagerEditor
LogPluginManager: Mounting plugin CryptoKeys
LogPluginManager: Mounting plugin DataValidation
LogPluginManager: Mounting plugin FacialAnimation
LogPluginManager: Mounting plugin GameplayTagsEditor
LogPluginManager: Mounting plugin MobileLauncherProfileWizard
LogPluginManager: Mounting plugin PluginBrowser
LogPluginManager: Mounting plugin SpeedTreeImporter
LogPluginManager: Mounting plugin DatasmithContent
LogPluginManager: Mounting plugin AlembicImporter
LogPluginManager: Mounting plugin CharacterAI
LogPluginManager: Mounting plugin HTML5Networking
LogPluginManager: Mounting plugin RawInput
LogPluginManager: Mounting plugin AndroidMedia
LogPluginManager: Mounting plugin AvfMedia
LogPluginManager: Mounting plugin ImgMedia
LogPluginManager: Mounting plugin LinearTimecode
LogPluginManager: Mounting plugin MediaCompositing
LogPluginManager: Mounting plugin MediaPlayerEditor
LogPluginManager: Mounting plugin WmfMedia
LogPluginManager: Mounting plugin TcpMessaging
LogPluginManager: Mounting plugin UdpMessaging
LogPluginManager: Mounting plugin ActorSequence
LogPluginManager: Mounting plugin LevelSequenceEditor
LogPluginManager: Mounting plugin MatineeToLevelSequence
LogPluginManager: Mounting plugin NetcodeUnitTest
LogPluginManager: Mounting plugin NUTUnrealEngine4
LogPluginManager: Mounting plugin OnlineSubsystemGooglePlay
LogPluginManager: Mounting plugin OnlineSubsystemIOS
LogPluginManager: Mounting plugin OnlineSubsystem
LogPluginManager: Mounting plugin OnlineSubsystemNull
LogPluginManager: Mounting plugin OnlineSubsystemUtils
LogPluginManager: Mounting plugin AndroidDeviceProfileSelector
LogPluginManager: Mounting plugin AndroidMoviePlayer
LogPluginManager: Mounting plugin AndroidPermission
LogPluginManager: Mounting plugin AppleARKit
LogPluginManager: Mounting plugin AppleMoviePlayer
LogPluginManager: Mounting plugin ArchVisCharacter
LogPluginManager: Mounting plugin AudioCapture
LogPluginManager: Mounting plugin CableComponent
LogPluginManager: Mounting plugin CustomMeshComponent
LogPluginManager: Mounting plugin ExampleDeviceProfileSelector
LogPluginManager: Mounting plugin GoogleCloudMessaging
LogPluginManager: Mounting plugin ImmediatePhysics
LogPluginManager: Mounting plugin IOSDeviceProfileSelector
LogPluginManager: Mounting plugin LinuxDeviceProfileSelector
LogPluginManager: Mounting plugin LocationServicesBPLibrary
LogPluginManager: Mounting plugin MobilePatchingUtils
LogPluginManager: Mounting plugin OculusVR
LogPluginManager: Plugin shader directory ../../../Engine/Plugins/Runtime/Oculus/OculusVR/Shaders found
LogPluginManager: Mapping shader source directory ../../../Engine/Plugins/Runtime/Oculus/OculusVR/Shaders to virtual directory /Plugin/OculusVR
LogPluginManager: Mounting plugin PhysXVehicles
LogPluginManager: Mounting plugin ProceduralMeshComponent
LogPluginManager: Mounting plugin RuntimePhysXCooking
LogPluginManager: Mounting plugin SteamVR
LogPluginManager: Mounting plugin WindowsMoviePlayer
LogStreaming: Display: Took  0.866s to configure plugins.
LogInit: Using libcurl 7.47.1
LogInit:  - built for x86_64-pc-win32
LogInit:  - supports SSL with OpenSSL/1.0.2g
LogInit:  - supports HTTP deflate (compression) using libz 1.2.8
LogInit:  - other features:
LogInit:      CURL_VERSION_SSL
LogInit:      CURL_VERSION_LIBZ
LogInit:      CURL_VERSION_IPV6
LogInit:      CURL_VERSION_ASYNCHDNS
LogInit:      CURL_VERSION_LARGEFILE
LogInit:      CURL_VERSION_IDN
LogInit:  CurlRequestOptions (configurable via config and command line):
LogInit:  - bVerifyPeer = false  - Libcurl will NOT verify peer certificate
LogInit:  - bUseHttpProxy = false  - Libcurl will NOT use HTTP proxy
LogInit:  - bDontReuseConnections = false  - Libcurl will reuse connections
LogInit:  - CertBundlePath = nullptr  - Libcurl will use whatever was configured at build time.
LogInit:  - MaxHostConnections = 16  - Libcurl will limit the number of connections to a host
LogInit:  - LocalHostAddr = Default
LogInit: WinSock: version 1.1 (2.2), MaxSocks=32767, MaxUdp=65467
LogInit: WinSock: I am Camp-3R2B142 (170.140.95.60:0)
LogInit: Build: ++UE4+Release-4.19-CL-4033788
LogInit: Engine Version: 4.19.2-4033788+++UE4+Release-4.19
LogInit: Compatible Engine Version: 4.19.0-3944462+++UE4+Release-4.19
LogInit: Net CL: 3944462
LogDevObjectVersion: Number of dev versions registered: 18
LogDevObjectVersion:   Dev-Blueprints (B0D832E4-1F89-4F0D-ACCF-7EB736FD4AA2): 10
LogDevObjectVersion:   Dev-Build (E1C64328-A22C-4D53-A36C-8E866417BD8C): 0
LogDevObjectVersion:   Dev-Core (375EC13C-06E4-48FB-B500-84F0262A717E): 2
LogDevObjectVersion:   Dev-Editor (E4B068ED-F494-42E9-A231-DA0B2E46BB41): 23
LogDevObjectVersion:   Dev-Framework (CFFC743F-43B0-4480-9391-14DF171D2073): 33
LogDevObjectVersion:   Dev-Mobile (B02B49B5-BB20-44E9-A304-32B752E40360): 2
LogDevObjectVersion:   Dev-Networking (A4E4105C-59A1-49B5-A7C5-40C4547EDFEE): 0
LogDevObjectVersion:   Dev-Online (39C831C9-5AE6-47DC-9A44-9C173E1C8E7C): 0
LogDevObjectVersion:   Dev-Physics (78F01B33-EBEA-4F98-B9B4-84EACCB95AA2): 0
LogDevObjectVersion:   Dev-Platform (6631380F-2D4D-43E0-8009-CF276956A95A): 0
LogDevObjectVersion:   Dev-Rendering (12F88B9F-8875-4AFC-A67C-D90C383ABD29): 25
LogDevObjectVersion:   Dev-Sequencer (7B5AE74C-D270-4C10-A958-57980B212A5A): 6
LogDevObjectVersion:   Dev-VR (D7296918-1DD6-4BDD-9DE2-64A83CC13884): 1
LogDevObjectVersion:   Dev-LoadTimes (C2A15278-BFE7-4AFE-6C17-90FF531DF755): 1
LogDevObjectVersion:   Private-Geometry (6EACA3D4-40EC-4CC1-B786-8BED09428FC5): 2
LogDevObjectVersion:   Dev-AnimPhys (29E575DD-E0A3-4627-9D10-D276232CDCEA): 16
LogDevObjectVersion:   Dev-ReflectionCapture (6B266CEC-1EC7-4B8F-A30B-E4D90942FC07): 1
LogDevObjectVersion:   Dev-Automation (0DF73D61-A23F-47EA-B727-89E90C41499A): 1
LogInit: Compiled (64-bit): Apr 27 2018 02:06:57
LogInit: Compiled with Visual C++: 19.00.24215.01
LogInit: Build Configuration: Development
LogInit: Branch Name: ++UE4+Release-4.19
LogInit: Command Line:  
LogInit: Base Directory: C:/Program Files/Epic Games/UE_4.19/Engine/Binaries/Win64/
LogInit: Installed Engine Build: 1
LogStreaming: Display: Took  0.002s to delete old logs.
LogInit: Presizing for max 8388607 objects, including 0 objects not considered by GC, pre-allocating 0 bytes for permanent pool.
LogInit: Object subsystem initialized
[2018.06.27-18.41.43:440][  0]LogInit: Selected Device Profile: [Windows]
[2018.06.27-18.41.43:440][  0]LogInit: Applying CVar settings loaded from the selected device profile: [Windows]
[2018.06.27-18.41.43:453][  0]LogInit: Computer: CAMP-3R2B142
[2018.06.27-18.41.43:453][  0]LogInit: User: iDStudent
[2018.06.27-18.41.43:453][  0]LogInit: CPU Page size=4096, Cores=4
[2018.06.27-18.41.43:453][  0]LogInit: High frequency timer resolution =2.742191 MHz
[2018.06.27-18.41.43:453][  0]LogMemory: Memory total: Physical=15.9GB (16GB approx)
[2018.06.27-18.41.43:453][  0]LogMemory: Platform Memory Stats for Windows
[2018.06.27-18.41.43:453][  0]LogMemory: Process Physical Memory: 275.74 MB used, 275.74 MB peak
[2018.06.27-18.41.43:453][  0]LogMemory: Process Virtual Memory: 264.97 MB used, 264.97 MB peak
[2018.06.27-18.41.43:453][  0]LogMemory: Physical Memory: 5220.67 MB used,  11029.50 MB free, 16250.17 MB total
[2018.06.27-18.41.43:453][  0]LogMemory: Virtual Memory: 693.34 MB used,  11029.50 MB free, 134217728.00 MB total
[2018.06.27-18.41.43:473][  0]LogInit: Using OS detected language (en-US).
[2018.06.27-18.41.43:473][  0]LogInit: Using OS detected locale (en-US).
[2018.06.27-18.41.43:476][  0]LogTextLocalizationManager: No specific localization for 'en-US' exists, so the 'en' localization will be used.
[2018.06.27-18.41.43:872][  0]LogStreaming: Display: Took  0.399s to EndInitTextLocalization.
[2018.06.27-18.41.43:872][  0]LogInit: Setting process to per monitor DPI aware
[2018.06.27-18.41.43:907][  0]LogSlate: New Slate User Created.  User Index 0, Is Virtual User: 0
[2018.06.27-18.41.43:907][  0]LogSlate: Slate User Registered.  User Index 0, Is Virtual User: 0
[2018.06.27-18.41.44:105][  0]LogD3D11RHI: D3D11 adapters:
[2018.06.27-18.41.44:158][  0]LogD3D11RHI:    0. 'NVIDIA GeForce GTX 1050 Ti' (Feature Level 11_0)
[2018.06.27-18.41.44:158][  0]LogD3D11RHI:       4018/0/8125 MB DedicatedVideo/DedicatedSystem/SharedSystem, Outputs:1, VendorId:0x10de
[2018.06.27-18.41.44:169][  0]LogD3D11RHI:    1. 'Intel(R) HD Graphics 630' (Feature Level 11_0)
[2018.06.27-18.41.44:169][  0]LogD3D11RHI:       128/0/8125 MB DedicatedVideo/DedicatedSystem/SharedSystem, Outputs:0, VendorId:0x8086
[2018.06.27-18.41.44:171][  0]LogD3D11RHI:    2. 'Microsoft Basic Render Driver' (Feature Level 11_0)
[2018.06.27-18.41.44:171][  0]LogD3D11RHI:       0/0/8125 MB DedicatedVideo/DedicatedSystem/SharedSystem, Outputs:0, VendorId:0x1414
[2018.06.27-18.41.44:171][  0]LogD3D11RHI: Chosen D3D11 Adapter: 0
[2018.06.27-18.41.44:179][  0]LogD3D11RHI: Creating new Direct3DDevice
[2018.06.27-18.41.44:179][  0]LogD3D11RHI:     GPU DeviceId: 0x1c8c (for the marketing name, search the web for "GPU Device Id")
[2018.06.27-18.41.44:179][  0]LogWindows: EnumDisplayDevices:
[2018.06.27-18.41.44:180][  0]LogWindows:    0. 'Intel(R) HD Graphics 630' (P:1 D:1)
[2018.06.27-18.41.44:180][  0]LogWindows:    1. 'Intel(R) HD Graphics 630' (P:0 D:0)
[2018.06.27-18.41.44:181][  0]LogWindows:    2. 'Intel(R) HD Graphics 630' (P:0 D:0)
[2018.06.27-18.41.44:182][  0]LogWindows:    3. 'NVIDIA GeForce GTX 1050 Ti' (P:0 D:0)
[2018.06.27-18.41.44:182][  0]LogWindows: DebugString: GetVideoDriverDetailsInvalid PrimaryIsNotTheChoosenAdapter GetVideoDriverDetailsInvalid PrimaryIsNotTheChoosenAdapter GetVideoDriverDetailsInvalid PrimaryIsNotTheChoosenAdapter GetVideoDriverDetailsInvalid PrimaryIsNotTheChoosenAdapter FoundDriverCount:0 
[2018.06.27-18.41.44:182][  0]LogD3D11RHI:     Adapter Name: NVIDIA GeForce GTX 1050 Ti
[2018.06.27-18.41.44:182][  0]LogD3D11RHI:   Driver Version: Unknown (internal:Unknown, unified:Unknown)
[2018.06.27-18.41.44:182][  0]LogD3D11RHI:      Driver Date: Unknown
[2018.06.27-18.41.44:182][  0]LogRHI: Texture pool is 2812 MB (70% of 4018 MB)
[2018.06.27-18.41.44:234][  0]LogD3D11RHI: [Aftermath] Aftermath enabled and primed
[2018.06.27-18.41.44:234][  0]LogD3D11RHI: [Aftermath] Aftermath enabled and primed
[2018.06.27-18.41.44:234][  0]LogD3D11RHI: Async texture creation enabled
[2018.06.27-18.41.44:255][  0]LogD3D11RHI: GPU Timing Frequency: 1000.000000 (Debug: 2 2)
[2018.06.27-18.41.44:256][  0]LogShaderCompilers: Guid format shader working directory is -4 characters bigger than the processId version (../../../../../../Users/iD Student/Desktop/WetCigStudios/Intermediate/Shaders/WorkingDirectory/928/).
[2018.06.27-18.41.44:256][  0]LogShaderCompilers: Cleaned the shader compiler working directory 'C:/Users/iD Student/AppData/Local/Temp/UnrealShaderWorkingDir/E487549C49D55BC937D492B4A204455C/'.
[2018.06.27-18.41.44:486][  0]LogTemp: Display: Loaded TP AllDesktopTargetPlatform
[2018.06.27-18.41.44:499][  0]LogTemp: Display: Loaded TP MacClientTargetPlatform
[2018.06.27-18.41.44:512][  0]LogTemp: Display: Loaded TP MacNoEditorTargetPlatform
[2018.06.27-18.41.44:524][  0]LogTemp: Display: Loaded TP MacServerTargetPlatform
[2018.06.27-18.41.44:537][  0]LogTemp: Display: Loaded TP MacTargetPlatform
[2018.06.27-18.41.44:549][  0]LogTemp: Display: Loaded TP WindowsClientTargetPlatform
[2018.06.27-18.41.44:562][  0]LogTemp: Display: Loaded TP WindowsNoEditorTargetPlatform
[2018.06.27-18.41.44:575][  0]LogTemp: Display: Loaded TP WindowsServerTargetPlatform
[2018.06.27-18.41.44:581][  0]LogTemp: Display: Loaded TP WindowsTargetPlatform
[2018.06.27-18.41.44:592][  0]LogTemp: Display: Loaded TP Android_ASTCTargetPlatform
[2018.06.27-18.41.44:604][  0]LogTemp: Display: Loaded TP Android_ATCTargetPlatform
[2018.06.27-18.41.44:615][  0]LogTemp: Display: Loaded TP Android_DXTTargetPlatform
[2018.06.27-18.41.44:625][  0]LogTemp: Display: Loaded TP Android_ETC1aTargetPlatform
[2018.06.27-18.41.44:635][  0]LogTemp: Display: Loaded TP Android_ETC1TargetPlatform
[2018.06.27-18.41.44:646][  0]LogTemp: Display: Loaded TP Android_ETC2TargetPlatform
[2018.06.27-18.41.44:667][  0]LogTemp: Display: Loaded TP Android_MultiTargetPlatform
[2018.06.27-18.41.44:667][  0]LogTemp: Display: Loaded TP Android_PVRTCTargetPlatform
[2018.06.27-18.41.44:679][  0]LogTemp: Display: Loaded TP AndroidTargetPlatform
[2018.06.27-18.41.44:680][  0]LogTemp: Display: Loaded TP HTML5TargetPlatform
[2018.06.27-18.41.44:715][  0]LogTemp: Display: Loaded TP IOSTargetPlatform
[2018.06.27-18.41.44:726][  0]LogTemp: Display: Loaded TP TVOSTargetPlatform
[2018.06.27-18.41.44:737][  0]LogTemp: Display: Loaded TP LinuxClientTargetPlatform
[2018.06.27-18.41.44:747][  0]LogTemp: Display: Loaded TP LinuxNoEditorTargetPlatform
[2018.06.27-18.41.44:758][  0]LogTemp: Display: Loaded TP LinuxServerTargetPlatform
[2018.06.27-18.41.44:769][  0]LogTemp: Display: Loaded TP LinuxTargetPlatform
[2018.06.27-18.41.44:769][  0]LogTargetPlatformManager: Display: Building Assets For Windows
[2018.06.27-18.41.44:868][  0]LogXGEController: Cleaning working directory: C:/Users/iD Student/AppData/Local/Temp/UnrealXGEWorkingDir/
[2018.06.27-18.41.44:868][  0]LogXGEController: Cannot use XGE Controller as Incredibuild is not installed on this machine.
[2018.06.27-18.41.44:868][  0]LogShaderCompilers: Cannot use XGE Shader Compiler as Incredibuild is not installed on this machine.
[2018.06.27-18.41.44:868][  0]LogShaderCompilers: Display: Using Local Shader Compiler.
[2018.06.27-18.41.45:500][  0]LogDerivedDataCache: Display: Max Cache Size: 512 MB
[2018.06.27-18.41.45:572][  0]LogDerivedDataCache: Loaded boot cache 0.07s 74MB C:/Users/iD Student/AppData/Local/UnrealEngine/4.19/DerivedDataCache/Boot.ddc.
[2018.06.27-18.41.45:572][  0]LogDerivedDataCache: Display: Loaded Boot cache: C:/Users/iD Student/AppData/Local/UnrealEngine/4.19/DerivedDataCache/Boot.ddc
[2018.06.27-18.41.45:573][  0]LogDerivedDataCache: FDerivedDataBackendGraph:  Pak pak cache file ../../../../../../Users/iD Student/Desktop/WetCigStudios/DerivedDataCache/DDC.ddp not found, will not use a pak cache.
[2018.06.27-18.41.45:573][  0]LogDerivedDataCache: Unable to find inner node Pak for hierarchical cache Hierarchy.
[2018.06.27-18.41.45:573][  0]LogDerivedDataCache: FDerivedDataBackendGraph:  CompressedPak pak cache file ../../../../../../Users/iD Student/Desktop/WetCigStudios/DerivedDataCache/Compressed.ddp not found, will not use a pak cache.
[2018.06.27-18.41.45:573][  0]LogDerivedDataCache: Unable to find inner node CompressedPak for hierarchical cache Hierarchy.
[2018.06.27-18.41.45:587][  0]LogDerivedDataCache: Display: Pak cache opened for reading ../../../Engine/DerivedDataCache/Compressed.ddp.
[2018.06.27-18.41.45:600][  0]LogDerivedDataCache: Using Local data cache path C:/Users/iD Student/AppData/Local/UnrealEngine/Common/DerivedDataCache: Writable
[2018.06.27-18.41.45:600][  0]LogDerivedDataCache: Shared data cache path not found in *engine.ini, will not use an Shared cache.
[2018.06.27-18.41.45:600][  0]LogDerivedDataCache: Unable to find inner node Shared for hierarchical cache Hierarchy.
[2018.06.27-18.41.45:610][  0]LogMaterial: Verifying Global Shaders for PCD3D_SM5
[2018.06.27-18.41.45:610][  0]LogSlate: Using Freetype 2.6.0
[2018.06.27-18.41.45:611][  0]LogSlate: SlateFontCache - WITH_FREETYPE: 1, WITH_HARFBUZZ: 1
[2018.06.27-18.41.45:611][  0]LogSlate: SlateFontCache - WITH_FREETYPE: 1, WITH_HARFBUZZ: 1
[2018.06.27-18.41.45:726][  0]LogAssetRegistry: FAssetRegistry took 0.0265 seconds to start up
[2018.06.27-18.41.46:005][  0]LogInit: Selected Device Profile: [Windows]
[2018.06.27-18.41.46:144][  0]LogSimplygon: Simplygon DLL not present - disabling.
[2018.06.27-18.41.46:147][  0]LogMeshReduction: Using SimplygonSwarm for distributed automatic mesh merging
[2018.06.27-18.41.46:147][  0]LogMeshReduction: Using QuadricMeshReduction for automatic static mesh reduction
[2018.06.27-18.41.46:147][  0]LogMeshReduction: No automatic skeletal mesh reduction module available
[2018.06.27-18.41.46:147][  0]LogMeshReduction: No automatic mesh merging module available
[2018.06.27-18.41.46:147][  0]LogMeshMerging: No automatic mesh merging module available
[2018.06.27-18.41.46:177][  0]LogNetVersion: WetCigStudios , NetCL: 3944462, EngineNetVer: 2, GameNetVer: 0 (Checksum: 11115319)
[2018.06.27-18.41.46:627][  0]LogPackageLocalizationCache: Processed 9 localized package path(s) for 2 prioritized culture(s) in 0.071933 seconds
[2018.06.27-18.41.46:633][  0]LogUObjectArray: 36728 objects as part of root set at end of initial load.
[2018.06.27-18.41.46:633][  0]LogUObjectAllocator: 7314304 out of 0 bytes used by permanent object pool.
[2018.06.27-18.41.46:633][  0]LogUObjectArray: CloseDisregardForGC: 0/0 objects in disregard for GC pool
[2018.06.27-18.41.48:261][  0]LogTcpMessaging: Initializing TcpMessaging bridge
[2018.06.27-18.41.48:289][  0]LogUdpMessaging: Initializing bridge on interface 0.0.0.0:0 to multicast group 230.0.0.1:6666.
[2018.06.27-18.41.48:658][  0]SourceControl: Source control is disabled
[2018.06.27-18.41.48:658][  0]SourceControl: Source control is disabled
[2018.06.27-18.41.48:674][  0]SourceControl: Source control is disabled
[2018.06.27-18.41.48:690][  0]SourceControl: Source control is disabled
[2018.06.27-18.41.49:171][  0]LogAndroidPermission: UAndroidPermissionCallbackProxy::GetInstance
[2018.06.27-18.41.49:292][  0]LogOcInput: OculusInput pre-init called
[2018.06.27-18.41.49:393][  0]LogEngine: Initializing Engine...
[2018.06.27-18.41.49:394][  0]LogHMD: Failed to initialize OpenVR with code 110
[2018.06.27-18.41.49:395][  0]LogStats: UGameplayTagsManager::ConstructGameplayTagTree: Construct from data asset -  0.000 s
[2018.06.27-18.41.49:395][  0]LogStats: UGameplayTagsManager::ConstructGameplayTagTree: GameplayTagTreeChangedEvent.Broadcast -  0.000 s
[2018.06.27-18.41.49:680][  0]LogAIModule: Creating AISystem for world Untitled
[2018.06.27-18.41.49:684][  0]LogInit: XAudio2 using 'Speakers / Headphones (Realtek Audio)' : 2 channels at 48 kHz using 32 bits per sample (channel mask 0x3)
[2018.06.27-18.41.51:074][  0]LogInit: FAudioDevice initialized.
[2018.06.27-18.41.51:138][  0]LogDerivedDataCache: Saved boot cache 0.06s 74MB C:/Users/iD Student/AppData/Local/UnrealEngine/4.19/DerivedDataCache/Boot.ddc.
[2018.06.27-18.41.51:157][  0]LogInit: Texture streaming: Enabled
[2018.06.27-18.41.51:172][  0]LogEngineSessionManager: EngineSessionManager initialized
[2018.06.27-18.41.51:187][  0]LogInit: Transaction tracking system initialized
[2018.06.27-18.41.51:209][  0]BlueprintLog: New page: Editor Load
[2018.06.27-18.41.51:289][  0]LocalizationService: Localization service is disabled
[2018.06.27-18.41.51:403][  0]LogConsoleResponse: Display: 
[2018.06.27-18.41.51:559][  0]LogCook: Display: Max memory allowance for cook 16384mb min free memory 0mb
[2018.06.27-18.41.51:559][  0]LogCook: Display: Mobile HDR setting 1
[2018.06.27-18.41.51:559][  0]LogGameplayTags: Display: UGameplayTagsManager::DoneAddingNativeTags. DelegateIsBound: 0
[2018.06.27-18.41.51:559][  0]LogStats: UGameplayTagsManager::ConstructGameplayTagTree: Construct from data asset -  0.000 s
[2018.06.27-18.41.51:559][  0]LogStats: UGameplayTagsManager::ConstructGameplayTagTree: GameplayTagTreeChangedEvent.Broadcast -  0.000 s
[2018.06.27-18.41.51:914][  0]LogFileCache: Scanning file cache for directory 'C:/Users/iD Student/Desktop/WetCigStudios/Content/' took 0.01s
[2018.06.27-18.41.51:914][  0]SourceControl: Source control is disabled
[2018.06.27-18.41.51:914][  0]Cmd: MAP LOAD FILE="../../../../../../Users/iD Student/Desktop/WetCigStudios/Content/VehicleBP/Maps/VehicleExampleMap.umap" TEMPLATE=0 SHOWPROGRESS=1 FEATURELEVEL=3
[2018.06.27-18.41.51:914][  0]LogEditorServer: Warning: Can't find file '../../../../../../Users/iD Student/Desktop/WetCigStudios/Content/VehicleBP/Maps/VehicleExampleMap.umap'
[2018.06.27-18.41.51:914][  0]Cmd: MAP CHECKDEP NOCLEARLOG
[2018.06.27-18.41.51:957][  0]MapCheck: Map check complete: 0 Error(s), 0 Warning(s), took 42.518ms to complete.
[2018.06.27-18.41.51:957][  0]LogFileHelpers: Loading map 'VehicleExampleMap' took 0.043
[2018.06.27-18.41.52:088][  0]LogCollectionManager: Loaded 0 collections in 0.002071 seconds
[2018.06.27-18.41.52:128][  0]LogFileCache: Scanning file cache for directory 'C:/Users/iD Student/Desktop/WetCigStudios/Saved/Collections/' took 0.01s
[2018.06.27-18.41.52:128][  0]LogFileCache: Scanning file cache for directory 'C:/Users/iD Student/Desktop/WetCigStudios/Content/Developers/iDStudent/Collections/' took 0.01s
[2018.06.27-18.41.52:128][  0]LogFileCache: Scanning file cache for directory 'C:/Users/iD Student/Desktop/WetCigStudios/Content/Collections/' took 0.01s
[2018.06.27-18.41.52:128][  0]LogCollectionManager: Rebuilt the GUID cache for 0 collections in 0.000000 seconds
[2018.06.27-18.41.52:137][  0]LogContentBrowser: Native class hierarchy populated in 0.0085 seconds. Added 2454 classes and 561 folders.
[2018.06.27-18.41.52:145][  0]LogContentBrowser: Native class hierarchy updated for 'WidgetCarousel' in 0.0002 seconds. Added 0 classes and 0 folders.
[2018.06.27-18.41.52:185][  0]LogContentBrowser: Native class hierarchy updated for 'AddContentDialog' in 0.0003 seconds. Added 0 classes and 0 folders.
[2018.06.27-18.41.52:190][  0]LogContentBrowser: Native class hierarchy updated for 'SceneOutliner' in 0.0002 seconds. Added 1 classes and 2 folders.
[2018.06.27-18.41.52:208][  0]LogSlate: Took 0.000252 seconds to synchronously load lazily loaded font '../../../Engine/Content/Slate/Fonts/Roboto-Regular.ttf' (155K)
[2018.06.27-18.41.52:211][  0]LogSlate: Took 0.000501 seconds to synchronously load lazily loaded font '../../../Engine/Content/Slate/Fonts/Roboto-Bold.ttf' (160K)
[2018.06.27-18.41.52:220][  0]LogSlate: Took 0.000295 seconds to synchronously load lazily loaded font '../../../Engine/Content/Editor/Slate/Fonts/FontAwesome.ttf' (139K)
[2018.06.27-18.41.52:346][  0]LogRenderer: Reallocating scene render targets to support 836x384 Format 10 NumSamples 1 (Frame:1).
[2018.06.27-18.41.52:580][  0]LogContentBrowser: Native class hierarchy updated for 'HierarchicalLODOutliner' in 0.0002 seconds. Added 0 classes and 0 folders.
[2018.06.27-18.41.52:580][  0]LogLoad: (Engine Initialization) Total time: 11.38 seconds
[2018.06.27-18.41.52:580][  0]LogLoad: (Engine Initialization) Total Blueprint compile time: 0.00 seconds
[2018.06.27-18.41.52:598][  0]LogWindowsTextInputMethodSystem: Display: IME system now deactivated.
[2018.06.27-18.41.52:599][  0]LogRawInputWindows: Warning: Found device 0 devices
[2018.06.27-18.41.52:600][  0]LogRawInputWindows: Warning: Found device 0 devices
[2018.06.27-18.41.52:600][  0]LogRawInputWindows: Warning: Device was registered succesfully but not connected (Usage:4 UsagePage:1)
[2018.06.27-18.41.52:600][  0]LogRawInputWindows: Warning: Found device 1 devices
[2018.06.27-18.41.52:600][  0]LogRawInputWindows: Warning: Device was registered succesfully but not connected (Usage:5 UsagePage:1)
[2018.06.27-18.41.52:620][  0]LogContentStreaming: Texture pool size now 1000 MB
[2018.06.27-18.41.52:658][  0]LogSlate: Took 0.000249 seconds to synchronously load lazily loaded font '../../../Engine/Content/Slate/Fonts/Roboto-Light.ttf' (167K)
[2018.06.27-18.41.52:677][  1]LogAssetRegistry: Asset discovery search completed in 6.9731 seconds
[2018.06.27-18.41.52:678][  1]LogCollectionManager: Rebuilt the object cache for 0 collections in 0.000002 seconds (found 0 objects)
[2018.06.27-18.41.52:678][  1]LogCollectionManager: Fixed up redirectors for 0 collections in 0.000057 seconds (updated 0 objects)
[2018.06.27-18.41.57:333][269]LogSlate: FSceneViewport::OnFocusLost() reason 2
[2018.06.27-18.41.58:576][342]LogSlate: FSceneViewport::OnFocusLost() reason 2
[2018.06.27-18.41.59:850][414]Cmd: MAP LOAD FILE="../../../../../../Users/iD Student/Desktop/WetCigStudios/Content/VehicleBP/Maps/CodeMap.umap" TEMPLATE=0 SHOWPROGRESS=1 FEATURELEVEL=3
[2018.06.27-18.41.59:858][414]LogSlate: Took 0.000862 seconds to synchronously load lazily loaded font '../../../Engine/Content/Slate/Fonts/Roboto-Light.ttf' (167K)
[2018.06.27-18.41.59:878][414]LightingResults: New page: Lighting Build
[2018.06.27-18.41.59:881][414]LogContentBrowser: Native class hierarchy updated for 'StatsViewer' in 0.0003 seconds. Added 5 classes and 0 folders.
[2018.06.27-18.41.59:882][414]LoadErrors: New page: Loading map: CodeMap.umap
[2018.06.27-18.41.59:883][414]MapCheck: New page: Map Check
[2018.06.27-18.41.59:883][414]LightingResults: New page: Lighting Build
[2018.06.27-18.41.59:996][414]LogUObjectGlobals: Created PersistentFrame Addr=0x000002b14be75000, Size=472, Default__BPHoverComponent_C Function /Game/StarterContent/Blueprints/BPHoverComponent.BPHoverComponent_C:ExecuteUbergraph_BPHoverComponent
[2018.06.27-18.41.59:997][414]LogUObjectGlobals: Created PersistentFrame Addr=0x000002b14fa07a00, Size=384, Default__BPHoverVehical_C Function /Game/StarterContent/Blueprints/BPHoverVehical.BPHoverVehical_C:ExecuteUbergraph_BPHoverVehical
[2018.06.27-18.42.00:044][414]LogUObjectGlobals: Destroyed PersistentFrame Addr=0x000002b14be75000, Size=472
[2018.06.27-18.42.00:044][414]LogUObjectGlobals: Created PersistentFrame Addr=0x000002b14fa56800, Size=472, Default__BPHoverComponent_C Function /Engine/Transient.REINST_BPHoverComponent_C_5:ExecuteUbergraph_BPHoverComponent
[2018.06.27-18.42.00:045][414]LogUObjectGlobals: Destroyed PersistentFrame Addr=0x000002b14fa07a00, Size=384
[2018.06.27-18.42.00:045][414]LogUObjectGlobals: Created PersistentFrame Addr=0x000002b167c1c280, Size=384, Default__BPHoverVehical_C Function /Engine/Transient.REINST_BPHoverVehical_C_6:ExecuteUbergraph_BPHoverVehical
[2018.06.27-18.42.00:051][414]LogUObjectGlobals: Created PersistentFrame Addr=0x000002b14fb81400, Size=472, Default__BPHoverComponent_C Function /Game/StarterContent/Blueprints/BPHoverComponent.BPHoverComponent_C:ExecuteUbergraph_BPHoverComponent
[2018.06.27-18.42.00:053][414]LogUObjectGlobals: Created PersistentFrame Addr=0x000002b167bd8d00, Size=384, Default__BPHoverVehical_C Function /Game/StarterContent/Blueprints/BPHoverVehical.BPHoverVehical_C:ExecuteUbergraph_BPHoverVehical
[2018.06.27-18.42.00:125][414]LogUObjectGlobals: Created PersistentFrame Addr=0x000002b167bb5c00, Size=232, Default__NewBlueprint_C Function /Game/StarterContent/Blueprints/NewBlueprint.NewBlueprint_C:ExecuteUbergraph_NewBlueprint
[2018.06.27-18.42.00:128][414]LogUObjectGlobals: Destroyed PersistentFrame Addr=0x000002b167bb5c00, Size=232
[2018.06.27-18.42.00:128][414]LogUObjectGlobals: Created PersistentFrame Addr=0x000002b167bb5c00, Size=232, Default__NewBlueprint_C Function /Engine/Transient.REINST_NewBlueprint_C_9:ExecuteUbergraph_NewBlueprint
[2018.06.27-18.42.00:130][414]LogUObjectGlobals: Created PersistentFrame Addr=0x000002b168525d00, Size=232, Default__NewBlueprint_C Function /Game/StarterContent/Blueprints/NewBlueprint.NewBlueprint_C:ExecuteUbergraph_NewBlueprint
[2018.06.27-18.42.00:140][414]LogUObjectGlobals: Created PersistentFrame Addr=0x000002b167c826a8, Size=4, Default__Sedan_AnimBP_C Function /Game/Vehicle/Sedan/Sedan_AnimBP.Sedan_AnimBP_C:ExecuteUbergraph_Sedan_AnimBP
[2018.06.27-18.42.00:142][414]LogUObjectGlobals: Destroyed PersistentFrame Addr=0x000002b167c826a8, Size=4
[2018.06.27-18.42.00:142][414]LogUObjectGlobals: Created PersistentFrame Addr=0x000002b167c826a8, Size=4, Default__Sedan_AnimBP_C Function /Engine/Transient.REINST_Sedan_AnimBP_C_0:ExecuteUbergraph_Sedan_AnimBP
[2018.06.27-18.42.00:143][414]LogUObjectGlobals: Created PersistentFrame Addr=0x000002b167c825d0, Size=4, Default__Sedan_AnimBP_C Function /Game/Vehicle/Sedan/Sedan_AnimBP.Sedan_AnimBP_C:ExecuteUbergraph_Sedan_AnimBP
[2018.06.27-18.42.00:149][414]LogUObjectGlobals: Created PersistentFrame Addr=0x000002b168743240, Size=160, Default__VehicleHUD_C Function /Game/VehicleBP/Blueprints/VehicleHUD.VehicleHUD_C:ExecuteUbergraph_VehicleHUD
[2018.06.27-18.42.00:158][414]LogUObjectGlobals: Created PersistentFrame Addr=0x000002b169480e80, Size=384, Default__Sedan_C Function /Game/VehicleBP/Sedan/Sedan.Sedan_C:ExecuteUbergraph_Sedan
[2018.06.27-18.42.00:200][414]LogUObjectGlobals: Destroyed PersistentFrame Addr=0x000002b168743240, Size=160
[2018.06.27-18.42.00:200][414]LogUObjectGlobals: Created PersistentFrame Addr=0x000002b1420b9620, Size=160, Default__VehicleHUD_C Function /Engine/Transient.REINST_VehicleHUD_C_12:ExecuteUbergraph_VehicleHUD
[2018.06.27-18.42.00:201][414]LogUObjectGlobals: Destroyed PersistentFrame Addr=0x000002b169480e80, Size=384
[2018.06.27-18.42.00:201][414]LogUObjectGlobals: Created PersistentFrame Addr=0x000002b14207fa00, Size=384, Default__Sedan_C Function /Engine/Transient.REINST_Sedan_C_13:ExecuteUbergraph_Sedan
[2018.06.27-18.42.00:212][414]LogUObjectGlobals: Created PersistentFrame Addr=0x000002b142029b20, Size=160, Default__VehicleHUD_C Function /Game/VehicleBP/Blueprints/VehicleHUD.VehicleHUD_C:ExecuteUbergraph_VehicleHUD
[2018.06.27-18.42.00:214][414]LogUObjectGlobals: Created PersistentFrame Addr=0x000002b141fe7880, Size=384, Default__Sedan_C Function /Game/VehicleBP/Sedan/Sedan.Sedan_C:ExecuteUbergraph_Sedan
[2018.06.27-18.42.00:365][414]LogSkeletalMesh: Skeletal Mesh found in DDC [7.492549ms] /Game/Vehicle/Sedan/Sedan_SkelMesh.Sedan_SkelMesh
[2018.06.27-18.42.00:626][414]LogAIModule: Creating AISystem for world CodeMap
[2018.06.27-18.42.00:650][414]LogEditorServer: Finished looking for orphan Actors (0.000 secs)
[2018.06.27-18.42.00:666][414]LogUObjectGlobals: Destroyed PersistentFrame Addr=0x000002b14fa56800, Size=472
[2018.06.27-18.42.00:666][414]LogUObjectGlobals: Destroyed PersistentFrame Addr=0x000002b167c1c280, Size=384
[2018.06.27-18.42.00:666][414]LogUObjectGlobals: Destroyed PersistentFrame Addr=0x000002b167bb5c00, Size=232
[2018.06.27-18.42.00:666][414]LogUObjectGlobals: Destroyed PersistentFrame Addr=0x000002b167c826a8, Size=4
[2018.06.27-18.42.00:666][414]LogUObjectGlobals: Destroyed PersistentFrame Addr=0x000002b1420b9620, Size=160
[2018.06.27-18.42.00:666][414]LogUObjectGlobals: Destroyed PersistentFrame Addr=0x000002b14207fa00, Size=384
[2018.06.27-18.42.00:704][414]Cmd: MAP CHECKDEP NOCLEARLOG
[2018.06.27-18.42.00:755][414]MapCheck: Map check complete: 0 Error(s), 0 Warning(s), took 51.091ms to complete.
[2018.06.27-18.42.00:755][414]LogFileHelpers: Loading map 'CodeMap' took 0.906
[2018.06.27-18.42.00:757][414]LogSlate: Window 'Open Level' being destroyed
[2018.06.27-18.42.06:329][732]LogSlate: FSceneViewport::OnFocusLost() reason 0
[2018.06.27-18.42.06:412][737]LogTemp: Repeating last play command: Selected Viewport
[2018.06.27-18.42.06:431][737]LogBlueprintUserMessages: Early PlayInEditor Detection: Level '/Game/VehicleBP/Maps/CodeMap.CodeMap:PersistentLevel' has LevelScriptBlueprint '/Game/VehicleBP/Maps/CodeMap.CodeMap:PersistentLevel.CodeMap' with GeneratedClass '/Game/VehicleBP/Maps/CodeMap.CodeMap_C' with ClassGeneratedBy '/Game/VehicleBP/Maps/CodeMap.CodeMap:PersistentLevel.CodeMap'
[2018.06.27-18.42.06:431][737]LogPlayLevel: PlayLevel: No blueprints needed recompiling
[2018.06.27-18.42.06:432][737]PIE: New page: PIE session: CodeMap (Jun 27, 2018, 10:42:06 AM)
[2018.06.27-18.42.06:432][737]LogPlayLevel: Creating play world package: /Game/VehicleBP/Maps/UEDPIE_0_CodeMap
[2018.06.27-18.42.06:465][737]LogPlayLevel: PIE: StaticDuplicateObject took: (0.033171s)
[2018.06.27-18.42.06:466][737]LogAIModule: Creating AISystem for world CodeMap
[2018.06.27-18.42.06:467][737]LogPlayLevel: PIE: World Init took: (0.001528s)
[2018.06.27-18.42.06:467][737]LogPlayLevel: PIE: Created PIE world by copying editor world from /Game/VehicleBP/Maps/CodeMap.CodeMap to /Game/VehicleBP/Maps/UEDPIE_0_CodeMap.CodeMap (0.035165s)
[2018.06.27-18.42.06:482][737]LogInit: XAudio2 using 'Speakers / Headphones (Realtek Audio)' : 2 channels at 48 kHz using 32 bits per sample (channel mask 0x3)
[2018.06.27-18.42.06:550][737]LogInit: FAudioDevice initialized.
[2018.06.27-18.42.06:592][737]LogLoad: Game class is 'VehicleGameMode_C'
[2018.06.27-18.42.06:598][737]LogWorld: Bringing World /Game/VehicleBP/Maps/UEDPIE_0_CodeMap.CodeMap up for play (max tick rate 60) at 2018.06.27-14.42.06
[2018.06.27-18.42.06:599][737]LogWorld: Bringing up level for play took: 0.003208
[2018.06.27-18.42.06:602][737]LogContentBrowser: Native class hierarchy updated for 'MovieSceneCapture' in 0.0002 seconds. Added 11 classes and 0 folders.
[2018.06.27-18.42.06:603][737]PIE: Play in editor start time for /Game/VehicleBP/Maps/UEDPIE_0_CodeMap 0.618
[2018.06.27-18.42.06:603][737]LogBlueprintUserMessages: Late PlayInEditor Detection: Level '/Game/VehicleBP/Maps/CodeMap.CodeMap:PersistentLevel' has LevelScriptBlueprint '/Game/VehicleBP/Maps/CodeMap.CodeMap:PersistentLevel.CodeMap' with GeneratedClass '/Game/VehicleBP/Maps/CodeMap.CodeMap_C' with ClassGeneratedBy '/Game/VehicleBP/Maps/CodeMap.CodeMap:PersistentLevel.CodeMap'
[2018.06.27-18.42.15:965][290]LogBlueprintUserMessages: Early EndPlayMap Detection: Level '/Game/VehicleBP/Maps/CodeMap.CodeMap:PersistentLevel' has LevelScriptBlueprint '/Game/VehicleBP/Maps/CodeMap.CodeMap:PersistentLevel.CodeMap' with GeneratedClass '/Game/VehicleBP/Maps/CodeMap.CodeMap_C' with ClassGeneratedBy '/Game/VehicleBP/Maps/CodeMap.CodeMap:PersistentLevel.CodeMap'
[2018.06.27-18.42.16:003][290]LogBlueprintUserMessages: Late EndPlayMap Detection: Level '/Game/VehicleBP/Maps/CodeMap.CodeMap:PersistentLevel' has LevelScriptBlueprint '/Game/VehicleBP/Maps/CodeMap.CodeMap:PersistentLevel.CodeMap' with GeneratedClass '/Game/VehicleBP/Maps/CodeMap.CodeMap_C' with ClassGeneratedBy '/Game/VehicleBP/Maps/CodeMap.CodeMap:PersistentLevel.CodeMap'
[2018.06.27-18.42.17:090][353]LogSlate: FSceneViewport::OnFocusLost() reason 0
[2018.06.27-18.43.09:831][658]LogSlate: FSceneViewport::OnFocusLost() reason 0
[2018.06.27-18.43.10:320][668]LogContentBrowser: Native class hierarchy updated for 'BlueprintGraph' in 0.0011 seconds. Added 116 classes and 0 folders.
[2018.06.27-18.43.10:620][668]LogUObjectGlobals: Created PersistentFrame Addr=0x000002b164338398, Size=4, Default__SKEL_PROTO_BP_AnimBlueprint_0_C Function /Engine/Transient.SKEL_PROTO_BP_AnimBlueprint_0_C:ExecuteUbergraph_PROTO_BP_AnimBlueprint_0
[2018.06.27-18.43.10:621][668]LogUObjectGlobals: Created PersistentFrame Addr=0x000002b164338390, Size=4, Default__PROTO_BP_AnimBlueprint_0_C Function /Engine/Transient.PROTO_BP_AnimBlueprint_0_C:ExecuteUbergraph_PROTO_BP_AnimBlueprint_0
[2018.06.27-18.43.11:110][668]LogSlate: Took 0.000251 seconds to synchronously load lazily loaded font '../../../Engine/Content/Slate/Fonts/Roboto-BoldCondensed.ttf' (158K)
[2018.06.27-18.43.11:214][669]LogSlate: Took 0.000204 seconds to synchronously load lazily loaded font '../../../Engine/Content/Slate/Fonts/Roboto-Italic.ttf' (157K)
[2018.06.27-18.43.51:809][829]LogRenderer: Reallocating scene render targets to support 836x716 Format 10 NumSamples 1 (Frame:1).
[2018.06.27-18.44.07:917][665]LogSlate: FSceneViewport::OnFocusLost() reason 0
[2018.06.27-18.44.08:301][688]LogTemp: Repeating last play command: Selected Viewport
[2018.06.27-18.44.08:331][688]LogBlueprintUserMessages: Early PlayInEditor Detection: Level '/Game/VehicleBP/Maps/CodeMap.CodeMap:PersistentLevel' has LevelScriptBlueprint '/Game/VehicleBP/Maps/CodeMap.CodeMap:PersistentLevel.CodeMap' with GeneratedClass '/Game/VehicleBP/Maps/CodeMap.CodeMap_C' with ClassGeneratedBy '/Game/VehicleBP/Maps/CodeMap.CodeMap:PersistentLevel.CodeMap'
[2018.06.27-18.44.08:331][688]LogPlayLevel: PlayLevel: No blueprints needed recompiling
[2018.06.27-18.44.08:331][688]PIE: New page: PIE session: CodeMap (Jun 27, 2018, 10:44:08 AM)
[2018.06.27-18.44.08:331][688]LogPlayLevel: Creating play world package: /Game/VehicleBP/Maps/UEDPIE_0_CodeMap
[2018.06.27-18.44.08:357][688]LogPlayLevel: PIE: StaticDuplicateObject took: (0.025852s)
[2018.06.27-18.44.08:358][688]LogAIModule: Creating AISystem for world CodeMap
[2018.06.27-18.44.08:358][688]LogPlayLevel: PIE: World Init took: (0.001147s)
[2018.06.27-18.44.08:358][688]LogPlayLevel: PIE: Created PIE world by copying editor world from /Game/VehicleBP/Maps/CodeMap.CodeMap to /Game/VehicleBP/Maps/UEDPIE_0_CodeMap.CodeMap (0.027234s)
[2018.06.27-18.44.08:427][688]LogInit: XAudio2 using 'Speakers / Headphones (Realtek Audio)' : 2 channels at 48 kHz using 32 bits per sample (channel mask 0x3)
[2018.06.27-18.44.08:495][688]LogInit: FAudioDevice initialized.
[2018.06.27-18.44.08:531][688]LogLoad: Game class is 'VehicleGameMode_C'
[2018.06.27-18.44.08:550][688]LogWorld: Bringing World /Game/VehicleBP/Maps/UEDPIE_0_CodeMap.CodeMap up for play (max tick rate 60) at 2018.06.27-14.44.08
[2018.06.27-18.44.08:551][688]LogWorld: Bringing up level for play took: 0.007326
[2018.06.27-18.44.08:554][688]PIE: Play in editor start time for /Game/VehicleBP/Maps/UEDPIE_0_CodeMap 0.569
[2018.06.27-18.44.08:565][688]LogBlueprintUserMessages: Late PlayInEditor Detection: Level '/Game/VehicleBP/Maps/CodeMap.CodeMap:PersistentLevel' has LevelScriptBlueprint '/Game/VehicleBP/Maps/CodeMap.CodeMap:PersistentLevel.CodeMap' with GeneratedClass '/Game/VehicleBP/Maps/CodeMap.CodeMap_C' with ClassGeneratedBy '/Game/VehicleBP/Maps/CodeMap.CodeMap:PersistentLevel.CodeMap'
[2018.06.27-18.44.12:539][918]LogBlueprintUserMessages: Early EndPlayMap Detection: Level '/Game/VehicleBP/Maps/CodeMap.CodeMap:PersistentLevel' has LevelScriptBlueprint '/Game/VehicleBP/Maps/CodeMap.CodeMap:PersistentLevel.CodeMap' with GeneratedClass '/Game/VehicleBP/Maps/CodeMap.CodeMap_C' with ClassGeneratedBy '/Game/VehicleBP/Maps/CodeMap.CodeMap:PersistentLevel.CodeMap'
[2018.06.27-18.44.12:590][918]LogBlueprintUserMessages: Late EndPlayMap Detection: Level '/Game/VehicleBP/Maps/CodeMap.CodeMap:PersistentLevel' has LevelScriptBlueprint '/Game/VehicleBP/Maps/CodeMap.CodeMap:PersistentLevel.CodeMap' with GeneratedClass '/Game/VehicleBP/Maps/CodeMap.CodeMap_C' with ClassGeneratedBy '/Game/VehicleBP/Maps/CodeMap.CodeMap:PersistentLevel.CodeMap'
[2018.06.27-18.44.13:361][957]LogSlate: FSceneViewport::OnFocusLost() reason 0
[2018.06.27-18.44.13:597][961]LogSlate: Window 'BPHoverComponent' being destroyed
[2018.06.27-18.44.13:637][961]LogSlate: Window 'WetCigStudios - Unreal Editor' being destroyed
[2018.06.27-18.44.13:638][961]LogWindowsTextInputMethodSystem: Display: IME system now deactivated.
[2018.06.27-18.44.13:887][962]Cmd: QUIT_EDITOR
[2018.06.27-18.44.14:535][962]LogExit: Preparing to exit.
[2018.06.27-18.44.15:419][962]LogDirectoryWatcher: A directory notification for 'C:/Users/iD Student/Desktop/WetCigStudios/Content/' was aborted.
[2018.06.27-18.44.15:467][962]LogExit: Editor shut down
[2018.06.27-18.44.15:471][962]LogExit: Transaction tracking system shut down
[2018.06.27-18.44.15:472][962]LogUObjectGlobals: Destroyed PersistentFrame Addr=0x000002b14fb81400, Size=472
[2018.06.27-18.44.15:472][962]LogUObjectGlobals: Destroyed PersistentFrame Addr=0x000002b167bd8d00, Size=384
[2018.06.27-18.44.15:472][962]LogUObjectGlobals: Destroyed PersistentFrame Addr=0x000002b168525d00, Size=232
[2018.06.27-18.44.15:472][962]LogUObjectGlobals: Destroyed PersistentFrame Addr=0x000002b167c825d0, Size=4
[2018.06.27-18.44.15:473][962]LogUObjectGlobals: Destroyed PersistentFrame Addr=0x000002b142029b20, Size=160
[2018.06.27-18.44.15:473][962]LogUObjectGlobals: Destroyed PersistentFrame Addr=0x000002b141fe7880, Size=384
[2018.06.27-18.44.15:486][962]LogUObjectGlobals: Destroyed PersistentFrame Addr=0x000002b164338398, Size=4
[2018.06.27-18.44.15:486][962]LogUObjectGlobals: Destroyed PersistentFrame Addr=0x000002b164338390, Size=4
[2018.06.27-18.44.15:653][962]LogDirectoryWatcher: A directory notification for '../../../Engine/Content/' was aborted.
[2018.06.27-18.44.15:653][962]LogDirectoryWatcher: A directory notification for '../../../../../../Users/iD Student/Desktop/WetCigStudios/Content/' was aborted.
[2018.06.27-18.44.15:653][962]LogDirectoryWatcher: A directory notification for '../../Plugins/2D/Paper2D/Content/' was aborted.
[2018.06.27-18.44.15:653][962]LogDirectoryWatcher: A directory notification for '../../Plugins/Enterprise/DatasmithContent/Content/' was aborted.
[2018.06.27-18.44.15:653][962]LogDirectoryWatcher: A directory notification for '../../Plugins/Media/MediaCompositing/Content/' was aborted.
[2018.06.27-18.44.15:654][962]LogDirectoryWatcher: A directory notification for '../../Plugins/Runtime/AppleARKit/Content/' was aborted.
[2018.06.27-18.44.15:654][962]LogDirectoryWatcher: A directory notification for '../../Plugins/Runtime/Oculus/OculusVR/Content/' was aborted.
[2018.06.27-18.44.15:654][962]LogDirectoryWatcher: A directory notification for '../../Plugins/Runtime/Steam/SteamVR/Content/' was aborted.
[2018.06.27-18.44.15:827][962]LogExit: Object subsystem successfully closed.
[2018.06.27-18.44.15:844][962]LogShaderCompilers: Display: Shaders left to compile 0
[2018.06.27-18.44.15:848][962]LogD3D11RHI: Shutdown
[2018.06.27-18.44.15:848][962]LogD3D11RHI: CleanupD3DDevice
[2018.06.27-18.44.15:850][962]LogD3D11RHI: ~FD3D11DynamicRHI
[2018.06.27-18.44.15:868][962]LogModuleManager: Shutting down and abandoning module BlueprintGraph (580)
[2018.06.27-18.44.15:868][962]LogModuleManager: Shutting down and abandoning module MovieSceneCapture (578)
[2018.06.27-18.44.15:868][962]LogModuleManager: Shutting down and abandoning module StatsViewer (576)
[2018.06.27-18.44.15:868][962]LogModuleManager: Shutting down and abandoning module HierarchicalLODOutliner (574)
[2018.06.27-18.44.15:868][962]LogModuleManager: Shutting down and abandoning module SceneOutliner (572)
[2018.06.27-18.44.15:868][962]LogModuleManager: Shutting down and abandoning module AddContentDialog (570)
[2018.06.27-18.44.15:868][962]LogDirectoryWatcher: A directory notification for 'C:/Program Files/Epic Games/UE_4.19/FeaturePacks/' was aborted.
[2018.06.27-18.44.15:869][962]LogModuleManager: Shutting down and abandoning module WidgetCarousel (569)
[2018.06.27-18.44.15:869][962]LogModuleManager: Shutting down and abandoning module EditorWidgets (566)
[2018.06.27-18.44.15:869][962]LogModuleManager: Shutting down and abandoning module CollectionManager (564)
[2018.06.27-18.44.15:869][962]LogDirectoryWatcher: A directory notification for 'C:/Users/iD Student/Desktop/WetCigStudios/Content/Collections/' was aborted.
[2018.06.27-18.44.15:869][962]LogDirectoryWatcher: A directory notification for 'C:/Users/iD Student/Desktop/WetCigStudios/Content/Developers/iDStudent/Collections/' was aborted.
[2018.06.27-18.44.15:869][962]LogDirectoryWatcher: A directory notification for 'C:/Users/iD Student/Desktop/WetCigStudios/Saved/Collections/' was aborted.
[2018.06.27-18.44.15:869][962]LogModuleManager: Shutting down and abandoning module FoliageEdit (562)
[2018.06.27-18.44.15:869][962]LogModuleManager: Shutting down and abandoning module LandscapeEditor (560)
[2018.06.27-18.44.15:869][962]LogModuleManager: Shutting down and abandoning module MeshPaintMode (558)
[2018.06.27-18.44.15:869][962]LogModuleManager: Shutting down and abandoning module SceneDepthPickerMode (556)
[2018.06.27-18.44.15:869][962]LogModuleManager: Shutting down and abandoning module ActorPickerMode (554)
[2018.06.27-18.44.15:869][962]LogModuleManager: Shutting down and abandoning module GeometryMode (552)
[2018.06.27-18.44.15:869][962]LogModuleManager: Shutting down and abandoning module TextureAlignMode (550)
[2018.06.27-18.44.15:869][962]LogModuleManager: Shutting down and abandoning module BspMode (548)
[2018.06.27-18.44.15:869][962]LogModuleManager: Shutting down and abandoning module PIEPreviewDeviceProfileSelector (546)
[2018.06.27-18.44.15:870][962]LogModuleManager: Shutting down and abandoning module HardwareSurvey (544)
[2018.06.27-18.44.15:870][962]LogModuleManager: Shutting down and abandoning module SequenceRecorderSections (542)
[2018.06.27-18.44.15:870][962]LogModuleManager: Shutting down and abandoning module AutomationWorker (540)
[2018.06.27-18.44.15:870][962]LogModuleManager: Shutting down and abandoning module AudioCaptureEditor (538)
[2018.06.27-18.44.15:870][962]LogModuleManager: Shutting down and abandoning module SequenceRecorder (537)
[2018.06.27-18.44.15:870][962]LogModuleManager: Shutting down and abandoning module MatineeToLevelSequence (534)
[2018.06.27-18.44.15:870][962]LogModuleManager: Shutting down and abandoning module LevelSequenceEditor (532)
[2018.06.27-18.44.15:870][962]LogModuleManager: Shutting down and abandoning module PlacementMode (531)
[2018.06.27-18.44.15:870][962]LogModuleManager: Shutting down and abandoning module MaterialEditor (530)
[2018.06.27-18.44.15:870][962]LogModuleManager: Shutting down and abandoning module WmfMediaFactory (526)
[2018.06.27-18.44.15:870][962]LogModuleManager: Shutting down and abandoning module WmfMediaEditor (524)
[2018.06.27-18.44.15:870][962]LogModuleManager: Shutting down and abandoning module MediaPlayerEditor (522)
[2018.06.27-18.44.15:870][962]LogModuleManager: Shutting down and abandoning module OpenExrWrapper (520)
[2018.06.27-18.44.15:870][962]LogModuleManager: Shutting down and abandoning module ImgMediaFactory (518)
[2018.06.27-18.44.15:870][962]LogModuleManager: Shutting down and abandoning module ImgMediaEditor (516)
[2018.06.27-18.44.15:870][962]LogModuleManager: Shutting down and abandoning module AvfMediaFactory (514)
[2018.06.27-18.44.15:870][962]LogModuleManager: Shutting down and abandoning module AvfMediaEditor (512)
[2018.06.27-18.44.15:870][962]LogModuleManager: Shutting down and abandoning module AndroidMediaFactory (510)
[2018.06.27-18.44.15:870][962]LogModuleManager: Shutting down and abandoning module AndroidMediaEditor (508)
[2018.06.27-18.44.15:870][962]LogModuleManager: Shutting down and abandoning module CharacterAI (506)
[2018.06.27-18.44.15:870][962]LogModuleManager: Shutting down and abandoning module SmartSnapping (504)
[2018.06.27-18.44.15:870][962]LogModuleManager: Shutting down and abandoning module SessionServices (502)
[2018.06.27-18.44.15:870][962]LogModuleManager: Shutting down and abandoning module ViewportSnapping (500)
[2018.06.27-18.44.15:870][962]LogModuleManager: Shutting down and abandoning module ViewportInteraction (498)
[2018.06.27-18.44.15:870][962]LogModuleManager: Shutting down and abandoning module ClothPainter (496)
[2018.06.27-18.44.15:870][962]LogModuleManager: Shutting down and abandoning module SkeletalMeshEditor (495)
[2018.06.27-18.44.15:870][962]LogModuleManager: Shutting down and abandoning module LogVisualizer (492)
[2018.06.27-18.44.15:870][962]LogModuleManager: Shutting down and abandoning module IntroTutorials (490)
[2018.06.27-18.44.15:870][962]LogModuleManager: Shutting down and abandoning module GameProjectGeneration (489)
[2018.06.27-18.44.15:871][962]LogModuleManager: Shutting down and abandoning module IOSPlatformEditor (486)
[2018.06.27-18.44.15:871][962]LogModuleManager: Shutting down and abandoning module HTML5PlatformEditor (484)
[2018.06.27-18.44.15:871][962]LogModuleManager: Shutting down and abandoning module AndroidPlatformEditor (482)
[2018.06.27-18.44.15:871][962]LogModuleManager: Shutting down and abandoning module AndroidDeviceDetection (481)
[2018.06.27-18.44.16:405][962]LogModuleManager: Shutting down and abandoning module WindowsPlatformEditor (478)
[2018.06.27-18.44.16:405][962]LogModuleManager: Shutting down and abandoning module IOSRuntimeSettings (476)
[2018.06.27-18.44.16:405][962]LogModuleManager: Shutting down and abandoning module AndroidRuntimeSettings (474)
[2018.06.27-18.44.16:405][962]LogModuleManager: Shutting down and abandoning module InputBindingEditor (472)
[2018.06.27-18.44.16:405][962]LogModuleManager: Shutting down and abandoning module MergeActors (470)
[2018.06.27-18.44.16:405][962]LogModuleManager: Shutting down and abandoning module LocalizationDashboard (468)
[2018.06.27-18.44.16:405][962]LogModuleManager: Shutting down and abandoning module LocalizationService (467)
[2018.06.27-18.44.16:406][962]LogModuleManager: Shutting down and abandoning module HardwareTargeting (464)
[2018.06.27-18.44.16:406][962]LogModuleManager: Shutting down and abandoning module DeviceProfileEditor (462)
[2018.06.27-18.44.16:406][962]LogModuleManager: Shutting down and abandoning module UndoHistory (460)
[2018.06.27-18.44.16:406][962]LogModuleManager: Shutting down and abandoning module XmlParser (458)
[2018.06.27-18.44.16:406][962]LogModuleManager: Shutting down and abandoning module Blutility (456)
[2018.06.27-18.44.16:406][962]LogModuleManager: Shutting down and abandoning module ProjectSettingsViewer (454)
[2018.06.27-18.44.16:406][962]LogModuleManager: Shutting down and abandoning module ProjectTargetPlatformEditor (453)
[2018.06.27-18.44.16:407][962]LogModuleManager: Shutting down and abandoning module EditorSettingsViewer (450)
[2018.06.27-18.44.16:407][962]LogModuleManager: Shutting down and abandoning module SettingsEditor (448)
[2018.06.27-18.44.16:407][962]LogModuleManager: Shutting down and abandoning module ProjectLauncher (446)
[2018.06.27-18.44.16:407][962]LogModuleManager: Shutting down and abandoning module SessionFrontend (444)
[2018.06.27-18.44.16:407][962]LogModuleManager: Shutting down and abandoning module ProfilerClient (442)
[2018.06.27-18.44.16:407][962]LogModuleManager: Shutting down and abandoning module DeviceManager (440)
[2018.06.27-18.44.16:407][962]LogModuleManager: Shutting down and abandoning module TargetDeviceServices (439)
[2018.06.27-18.44.16:470][962]LogModuleManager: Shutting down and abandoning module AutomationController (436)
[2018.06.27-18.44.16:470][962]LogModuleManager: Shutting down and abandoning module AutomationWindow (434)
[2018.06.27-18.44.16:470][962]LogModuleManager: Shutting down and abandoning module Layers (432)
[2018.06.27-18.44.16:470][962]LogModuleManager: Shutting down and abandoning module ComponentVisualizers (430)
[2018.06.27-18.44.16:470][962]LogModuleManager: Shutting down and abandoning module DetailCustomizations (428)
[2018.06.27-18.44.16:470][962]LogModuleManager: Shutting down and abandoning module PackagesDialog (426)
[2018.06.27-18.44.16:470][962]LogModuleManager: Shutting down and abandoning module Persona (424)
[2018.06.27-18.44.16:471][962]LogModuleManager: Shutting down and abandoning module AdvancedPreviewScene (423)
[2018.06.27-18.44.16:471][962]LogModuleManager: Shutting down and abandoning module AnimGraph (421)
[2018.06.27-18.44.16:471][962]LogModuleManager: Shutting down and abandoning module Kismet (418)
[2018.06.27-18.44.16:486][962]LogModuleManager: Shutting down and abandoning module GraphEditor (416)
[2018.06.27-18.44.16:486][962]LogModuleManager: Shutting down and abandoning module ClassViewer (414)
[2018.06.27-18.44.16:487][962]LogModuleManager: Shutting down and abandoning module Toolbox (412)
[2018.06.27-18.44.16:487][962]LogModuleManager: Shutting down and abandoning module ModuleUI (410)
[2018.06.27-18.44.16:487][962]LogModuleManager: Shutting down and abandoning module MovieSceneTools (408)
[2018.06.27-18.44.16:487][962]LogModuleManager: Shutting down and abandoning module OutputLog (406)
[2018.06.27-18.44.16:487][962]LogModuleManager: Shutting down and abandoning module GammaUI (404)
[2018.06.27-18.44.16:487][962]LogModuleManager: Shutting down and abandoning module Documentation (402)
[2018.06.27-18.44.16:487][962]LogModuleManager: Shutting down and abandoning module MovieSceneTracks (400)
[2018.06.27-18.44.16:487][962]LogModuleManager: Shutting down and abandoning module MovieScene (398)
[2018.06.27-18.44.16:488][962]LogModuleManager: Shutting down and abandoning module StreamingPauseRendering (396)
[2018.06.27-18.44.16:488][962]LogModuleManager: Shutting down and abandoning module LauncherPlatform (394)
[2018.06.27-18.44.16:488][962]LogModuleManager: Shutting down and abandoning module AnalyticsET (392)
[2018.06.27-18.44.16:488][962]LogModuleManager: Shutting down and abandoning module PortalServices (390)
[2018.06.27-18.44.16:488][962]LogModuleManager: Shutting down and abandoning module PortalRpc (388)
[2018.06.27-18.44.16:488][962]LogModuleManager: Shutting down and abandoning module MessagingRpc (386)
[2018.06.27-18.44.16:488][962]LogModuleManager: Shutting down and abandoning module AIModule (384)
[2018.06.27-18.44.16:488][962]LogModuleManager: Shutting down and abandoning module GameplayDebugger (383)
[2018.06.27-18.44.16:488][962]LogModuleManager: Shutting down and abandoning module AITestSuite (381)
[2018.06.27-18.44.16:488][962]LogModuleManager: Shutting down and abandoning module DesktopPlatform (378)
[2018.06.27-18.44.16:488][962]LogModuleManager: Shutting down and abandoning module ProfilerService (376)
[2018.06.27-18.44.16:539][962]LogModuleManager: Shutting down and abandoning module TaskGraph (374)
[2018.06.27-18.44.16:539][962]LogModuleManager: Shutting down and abandoning module SteamVRController (372)
[2018.06.27-18.44.16:539][962]LogModuleManager: Shutting down and abandoning module ProceduralMeshComponentEditor (370)
[2018.06.27-18.44.16:539][962]LogModuleManager: Shutting down and abandoning module ProceduralMeshComponent (368)
[2018.06.27-18.44.16:539][962]LogModuleManager: Shutting down and abandoning module OculusInput (366)
[2018.06.27-18.44.16:539][962]LogModuleManager: Shutting down and abandoning module MobilePatchingUtils (364)
[2018.06.27-18.44.16:540][962]LogModuleManager: Shutting down and abandoning module CustomMeshComponent (362)
[2018.06.27-18.44.16:540][962]LogModuleManager: Shutting down and abandoning module CableComponent (360)
[2018.06.27-18.44.16:540][962]LogModuleManager: Shutting down and abandoning module AudioCapture (358)
[2018.06.27-18.44.16:540][962]LogModuleManager: Shutting down and abandoning module ArchVisCharacter (356)
[2018.06.27-18.44.16:540][962]LogModuleManager: Shutting down and abandoning module AndroidPermission (354)
[2018.06.27-18.44.16:540][962]LogModuleManager: Shutting down and abandoning module NUTUnrealEngine4 (350)
[2018.06.27-18.44.16:540][962]LogModuleManager: Shutting down and abandoning module NetcodeUnitTest (348)
[2018.06.27-18.44.16:540][962]LogModuleManager: Shutting down and abandoning module MediaCompositingEditor (346)
[2018.06.27-18.44.16:540][962]LogModuleManager: Shutting down and abandoning module MediaCompositing (344)
[2018.06.27-18.44.16:540][962]LogModuleManager: Shutting down and abandoning module LinearTimecode (342)
[2018.06.27-18.44.16:540][962]LogModuleManager: Shutting down and abandoning module ImgMedia (340)
[2018.06.27-18.44.16:551][962]LogModuleManager: Shutting down and abandoning module RawInput (338)
[2018.06.27-18.44.16:551][962]LogSlate: Slate User Destroyed.  User Index 0, Is Virtual User: 0
[2018.06.27-18.44.16:551][962]LogModuleManager: Shutting down and abandoning module HTML5Networking (336)
[2018.06.27-18.44.16:551][962]LogModuleManager: Shutting down and abandoning module AlembicImporter (334)
[2018.06.27-18.44.16:551][962]LogModuleManager: Shutting down and abandoning module AlembicLibrary (333)
[2018.06.27-18.44.16:551][962]LogModuleManager: Shutting down and abandoning module GeometryCache (332)
[2018.06.27-18.44.16:551][962]LogModuleManager: Shutting down and abandoning module GeometryCacheEd (331)
[2018.06.27-18.44.16:551][962]LogModuleManager: Shutting down and abandoning module DatasmithContent (326)
[2018.06.27-18.44.16:552][962]LogModuleManager: Shutting down and abandoning module SpeedTreeImporter (324)
[2018.06.27-18.44.16:552][962]LogModuleManager: Shutting down and abandoning module PluginBrowser (322)
[2018.06.27-18.44.16:552][962]LogModuleManager: Shutting down and abandoning module MobileLauncherProfileWizard (320)
[2018.06.27-18.44.16:552][962]LogModuleManager: Shutting down and abandoning module CryptoKeysOpenSSL (318)
[2018.06.27-18.44.16:552][962]LogModuleManager: Shutting down and abandoning module CryptoKeys (316)
[2018.06.27-18.44.16:552][962]LogModuleManager: Shutting down and abandoning module VisualStudioSourceCodeAccess (314)
[2018.06.27-18.44.16:552][962]LogModuleManager: Shutting down and abandoning module VisualStudioCodeSourceCodeAccess (312)
[2018.06.27-18.44.16:552][962]LogModuleManager: Shutting down and abandoning module UObjectPlugin (310)
[2018.06.27-18.44.16:552][962]LogModuleManager: Shutting down and abandoning module SubversionSourceControl (308)
[2018.06.27-18.44.16:552][962]LogModuleManager: Shutting down and abandoning module PerforceSourceControl (306)
[2018.06.27-18.44.16:553][962]LogModuleManager: Shutting down and abandoning module GitSourceControl (304)
[2018.06.27-18.44.16:553][962]LogModuleManager: Shutting down and abandoning module SourceControl (303)
[2018.06.27-18.44.16:553][962]LogModuleManager: Shutting down and abandoning module CLionSourceCodeAccess (300)
[2018.06.27-18.44.16:553][962]LogModuleManager: Shutting down and abandoning module LightPropagationVolumeEditor (298)
[2018.06.27-18.44.16:553][962]LogModuleManager: Shutting down and abandoning module PaperTiledImporter (296)
[2018.06.27-18.44.16:553][962]LogModuleManager: Shutting down and abandoning module PaperSpriteSheetImporter (294)
[2018.06.27-18.44.16:553][962]LogModuleManager: Shutting down and abandoning module Paper2DEditor (292)
[2018.06.27-18.44.16:553][962]LogModuleManager: Shutting down and abandoning module MeshPaint (291)
[2018.06.27-18.44.16:553][962]LogModuleManager: Shutting down and abandoning module RuntimePhysXCooking (288)
[2018.06.27-18.44.16:553][962]LogModuleManager: Shutting down and abandoning module PhysXVehiclesEditor (286)
[2018.06.27-18.44.16:554][962]LogModuleManager: Shutting down and abandoning module PhysXVehicles (284)
[2018.06.27-18.44.16:554][962]LogModuleManager: Shutting down and abandoning module OculusEditor (282)
[2018.06.27-18.44.16:554][962]LogModuleManager: Shutting down and abandoning module LocationServicesBPLibrary (280)
[2018.06.27-18.44.16:554][962]LogModuleManager: Shutting down and abandoning module ImmediatePhysicsEditor (278)
[2018.06.27-18.44.16:554][962]LogModuleManager: Shutting down and abandoning module ImmediatePhysics (276)
[2018.06.27-18.44.16:554][962]LogModuleManager: Shutting down and abandoning module ActorSequence (274)
[2018.06.27-18.44.16:554][962]LogModuleManager: Shutting down and abandoning module UdpMessaging (272)
[2018.06.27-18.44.16:654][962]LogModuleManager: Shutting down and abandoning module TcpMessaging (270)
[2018.06.27-18.44.16:755][962]LogModuleManager: Shutting down and abandoning module GameplayTagsEditor (268)
[2018.06.27-18.44.16:755][962]LogModuleManager: Shutting down and abandoning module FacialAnimationEditor (266)
[2018.06.27-18.44.16:755][962]LogModuleManager: Shutting down and abandoning module FacialAnimation (264)
[2018.06.27-18.44.16:756][962]LogModuleManager: Shutting down and abandoning module DataValidation (262)
[2018.06.27-18.44.16:756][962]LogModuleManager: Shutting down and abandoning module AssetManagerEditor (260)
[2018.06.27-18.44.16:756][962]LogModuleManager: Shutting down and abandoning module LevelEditor (259)
[2018.06.27-18.44.16:758][962]LogModuleManager: Shutting down and abandoning module PixelInspectorModule (258)
[2018.06.27-18.44.16:758][962]LogModuleManager: Shutting down and abandoning module CommonMenuExtensions (256)
[2018.06.27-18.44.16:759][962]LogModuleManager: Shutting down and abandoning module MainFrame (254)
[2018.06.27-18.44.16:759][962]LogModuleManager: Shutting down and abandoning module HotReload (253)
[2018.06.27-18.44.16:760][962]LogModuleManager: Shutting down and abandoning module ContentBrowser (249)
[2018.06.27-18.44.16:763][962]LogModuleManager: Shutting down and abandoning module TreeMap (247)
[2018.06.27-18.44.16:763][962]LogModuleManager: Shutting down and abandoning module LightPropagationVolumeRuntime (244)
[2018.06.27-18.44.16:763][962]LogModuleManager: Shutting down and abandoning module LiveLinkEditor (242)
[2018.06.27-18.44.16:763][962]LogModuleManager: Shutting down and abandoning module LiveLink (240)
[2018.06.27-18.44.17:036][962]LogModuleManager: Shutting down and abandoning module Paper2D (238)
[2018.06.27-18.44.17:037][962]LogModuleManager: Shutting down and abandoning module WindowsMoviePlayer (236)
[2018.06.27-18.44.17:037][962]LogModuleManager: Shutting down and abandoning module WmfMedia (234)
[2018.06.27-18.44.17:039][962]LogModuleManager: Shutting down and abandoning module Media (233)
[2018.06.27-18.44.17:050][962]LogModuleManager: Shutting down and abandoning module PacketHandler (230)
[2018.06.27-18.44.17:050][962]LogModuleManager: Shutting down and abandoning module ClothingSystemEditor (228)
[2018.06.27-18.44.17:050][962]LogModuleManager: Shutting down and abandoning module ClothingSystemRuntime (226)
[2018.06.27-18.44.17:050][962]LogModuleManager: Shutting down and abandoning module MediaAssets (224)
[2018.06.27-18.44.17:050][962]LogModuleManager: Shutting down and abandoning module Overlay (222)
[2018.06.27-18.44.17:050][962]LogModuleManager: Shutting down and abandoning module OverlayEditor (221)
[2018.06.27-18.44.17:050][962]LogModuleManager: Shutting down and abandoning module VREditor (218)
[2018.06.27-18.44.17:050][962]LogModuleManager: Shutting down and abandoning module StringTableEditor (216)
[2018.06.27-18.44.17:051][962]LogModuleManager: Shutting down and abandoning module GameplayTasksEditor (214)
[2018.06.27-18.44.17:051][962]LogModuleManager: Shutting down and abandoning module BehaviorTreeEditor (212)
[2018.06.27-18.44.17:051][962]LogModuleManager: Shutting down and abandoning module FunctionalTesting (210)
[2018.06.27-18.44.17:051][962]LogModuleManager: Shutting down and abandoning module CollisionAnalyzer (208)
[2018.06.27-18.44.17:051][962]LogModuleManager: Shutting down and abandoning module WorkspaceMenuStructure (207)
[2018.06.27-18.44.17:051][962]LogModuleManager: Shutting down and abandoning module UMG (204)
[2018.06.27-18.44.17:051][962]LogModuleManager: Shutting down and abandoning module UMGEditor (203)
[2018.06.27-18.44.17:051][962]LogModuleManager: Shutting down and abandoning module Sequencer (202)
[2018.06.27-18.44.17:052][962]LogModuleManager: Shutting down and abandoning module MessageLog (199)
[2018.06.27-18.44.17:052][962]LogModuleManager: Shutting down and abandoning module SlateReflector (194)
[2018.06.27-18.44.17:052][962]LogModuleManager: Shutting down and abandoning module Slate (192)
[2018.06.27-18.44.17:052][962]LogModuleManager: Shutting down and abandoning module EditorStyle (190)
[2018.06.27-18.44.17:057][962]LogModuleManager: Shutting down and abandoning module MRMesh (188)
[2018.06.27-18.44.17:058][962]LogModuleManager: Shutting down and abandoning module SourceCodeAccess (186)
[2018.06.27-18.44.17:058][962]LogModuleManager: Shutting down and abandoning module HeadMountedDisplay (184)
[2018.06.27-18.44.17:058][962]LogModuleManager: Shutting down and abandoning module XAudio2 (182)
[2018.06.27-18.44.17:058][962]LogModuleManager: Shutting down and abandoning module Networking (180)
[2018.06.27-18.44.17:058][962]LogModuleManager: Shutting down and abandoning module Core (178)
[2018.06.27-18.44.17:058][962]LogModuleManager: Shutting down and abandoning module LevelSequence (176)
[2018.06.27-18.44.17:058][962]LogModuleManager: Shutting down and abandoning module KismetCompiler (174)
[2018.06.27-18.44.17:058][962]LogModuleManager: Shutting down and abandoning module MeshUtilities (172)
[2018.06.27-18.44.17:058][962]LogModuleManager: Shutting down and abandoning module MeshMergeUtilities (171)
[2018.06.27-18.44.17:058][962]LogModuleManager: Shutting down and abandoning module MeshReductionInterface (170)
[2018.06.27-18.44.17:058][962]LogModuleManager: Shutting down and abandoning module SimplygonSwarm (169)
[2018.06.27-18.44.17:058][962]LogModuleManager: Shutting down and abandoning module SimplygonMeshReduction (167)
[2018.06.27-18.44.17:058][962]LogModuleManager: Shutting down and abandoning module QuadricMeshReduction (165)
[2018.06.27-18.44.17:059][962]LogModuleManager: Shutting down and abandoning module MaterialBaking (161)
[2018.06.27-18.44.17:059][962]LogModuleManager: Shutting down and abandoning module DirectoryWatcher (157)
[2018.06.27-18.44.17:063][962]LogModuleManager: Shutting down and abandoning module DerivedDataCache (154)
[2018.06.27-18.44.17:072][962]LogDerivedDataCache: Shutdown
[2018.06.27-18.44.17:072][962]LogModuleManager: Shutting down and abandoning module XGEController (152)
[2018.06.27-18.44.17:072][962]LogXGEController: Cleaning working directory: C:/Users/iD Student/AppData/Local/Temp/UnrealXGEWorkingDir/
[2018.06.27-18.44.17:073][962]LogModuleManager: Shutting down and abandoning module TargetPlatform (150)
[2018.06.27-18.44.17:073][962]LogModuleManager: Shutting down and abandoning module VulkanShaderFormat (149)
[2018.06.27-18.44.17:073][962]LogModuleManager: Shutting down and abandoning module ShaderFormatVectorVM (147)
[2018.06.27-18.44.17:073][962]LogModuleManager: Shutting down and abandoning module ShaderFormatOpenGL (145)
[2018.06.27-18.44.17:073][962]LogModuleManager: Shutting down and abandoning module ShaderFormatD3D (143)
[2018.06.27-18.44.17:073][962]LogModuleManager: Shutting down and abandoning module MetalShaderFormat (141)
[2018.06.27-18.44.17:073][962]LogModuleManager: Shutting down and abandoning module TextureFormatUncompressed (139)
[2018.06.27-18.44.17:073][962]LogModuleManager: Shutting down and abandoning module TextureFormatPVR (137)
[2018.06.27-18.44.17:073][962]LogModuleManager: Shutting down and abandoning module TextureFormatDXT (135)
[2018.06.27-18.44.17:073][962]LogModuleManager: Shutting down and abandoning module TextureFormatIntelISPCTexComp (133)
[2018.06.27-18.44.17:074][962]LogModuleManager: Shutting down and abandoning module TextureFormatASTC (131)
[2018.06.27-18.44.17:074][962]LogModuleManager: Shutting down and abandoning module ImageWrapper (130)
[2018.06.27-18.44.17:074][962]LogModuleManager: Shutting down and abandoning module TextureFormatAndroid (127)
[2018.06.27-18.44.17:074][962]LogModuleManager: Shutting down and abandoning module AudioFormatOpus (125)
[2018.06.27-18.44.17:074][962]LogModuleManager: Shutting down and abandoning module AudioFormatOgg (123)
[2018.06.27-18.44.17:074][962]LogModuleManager: Shutting down and abandoning module AudioFormatADPCM (121)
[2018.06.27-18.44.17:074][962]LogModuleManager: Shutting down and abandoning module LinuxTargetPlatform (119)
[2018.06.27-18.44.17:074][962]LogModuleManager: Shutting down and abandoning module LinuxServerTargetPlatform (117)
[2018.06.27-18.44.17:074][962]LogModuleManager: Shutting down and abandoning module LinuxNoEditorTargetPlatform (115)
[2018.06.27-18.44.17:074][962]LogModuleManager: Shutting down and abandoning module LinuxClientTargetPlatform (113)
[2018.06.27-18.44.17:074][962]LogModuleManager: Shutting down and abandoning module TVOSTargetPlatform (111)
[2018.06.27-18.44.17:074][962]LogModuleManager: Shutting down and abandoning module Messaging (109)
[2018.06.27-18.44.17:074][962]LogModuleManager: Shutting down and abandoning module IOSTargetPlatform (107)
[2018.06.27-18.44.17:074][962]LogModuleManager: Shutting down and abandoning module HTML5TargetPlatform (105)
[2018.06.27-18.44.17:075][962]LogModuleManager: Shutting down and abandoning module AndroidTargetPlatform (103)
[2018.06.27-18.44.17:075][962]LogModuleManager: Shutting down and abandoning module Android_PVRTCTargetPlatform (101)
[2018.06.27-18.44.17:075][962]LogModuleManager: Shutting down and abandoning module Android_MultiTargetPlatform (99)
[2018.06.27-18.44.17:075][962]LogModuleManager: Shutting down and abandoning module Android_ETC2TargetPlatform (97)
[2018.06.27-18.44.17:075][962]LogModuleManager: Shutting down and abandoning module Android_ETC1TargetPlatform (95)
[2018.06.27-18.44.17:075][962]LogModuleManager: Shutting down and abandoning module Android_ETC1aTargetPlatform (93)
[2018.06.27-18.44.17:075][962]LogModuleManager: Shutting down and abandoning module Android_DXTTargetPlatform (91)
[2018.06.27-18.44.17:075][962]LogModuleManager: Shutting down and abandoning module Android_ATCTargetPlatform (89)
[2018.06.27-18.44.17:075][962]LogModuleManager: Shutting down and abandoning module Android_ASTCTargetPlatform (87)
[2018.06.27-18.44.17:075][962]LogModuleManager: Shutting down and abandoning module WindowsTargetPlatform (85)
[2018.06.27-18.44.17:075][962]LogModuleManager: Shutting down and abandoning module WindowsServerTargetPlatform (83)
[2018.06.27-18.44.17:075][962]LogModuleManager: Shutting down and abandoning module WindowsNoEditorTargetPlatform (81)
[2018.06.27-18.44.17:075][962]LogModuleManager: Shutting down and abandoning module WindowsClientTargetPlatform (79)
[2018.06.27-18.44.17:075][962]LogModuleManager: Shutting down and abandoning module MacTargetPlatform (77)
[2018.06.27-18.44.17:075][962]LogModuleManager: Shutting down and abandoning module MacServerTargetPlatform (75)
[2018.06.27-18.44.17:075][962]LogModuleManager: Shutting down and abandoning module MacNoEditorTargetPlatform (73)
[2018.06.27-18.44.17:075][962]LogModuleManager: Shutting down and abandoning module MacClientTargetPlatform (71)
[2018.06.27-18.44.17:076][962]LogModuleManager: Shutting down and abandoning module AllDesktopTargetPlatform (69)
[2018.06.27-18.44.17:076][962]LogModuleManager: Shutting down and abandoning module InputCore (66)
[2018.06.27-18.44.17:076][962]LogModuleManager: Shutting down and abandoning module Settings (64)
[2018.06.27-18.44.17:076][962]LogModuleManager: Shutting down and abandoning module PhysXCooking (62)
[2018.06.27-18.44.17:076][962]LogModuleManager: Shutting down and abandoning module SteamVR (60)
[2018.06.27-18.44.17:076][962]LogModuleManager: Shutting down and abandoning module OculusHMD (58)
[2018.06.27-18.44.17:076][962]LogModuleManager: Shutting down and abandoning module ExampleDeviceProfileSelector (56)
[2018.06.27-18.44.17:076][962]LogModuleManager: Shutting down and abandoning module AppleARKit (54)
[2018.06.27-18.44.17:076][962]LogModuleManager: Shutting down and abandoning module AugmentedReality (51)
[2018.06.27-18.44.17:076][962]LogModuleManager: Shutting down and abandoning module OnlineBlueprintSupport (48)
[2018.06.27-18.44.17:076][962]LogModuleManager: Shutting down and abandoning module OnlineSubsystem (44)
[2018.06.27-18.44.17:077][962]LogModuleManager: Shutting down and abandoning module XMPP (43)
[2018.06.27-18.44.17:077][962]LogModuleManager: Shutting down and abandoning module HTTP (41)
[2018.06.27-18.44.17:078][962]LogHttp: Display: Http module shutting down, but needs to wait on 1 outstanding Http requests:
[2018.06.27-18.44.17:078][962]LogHttp: Display: 	verb=[POST] url=[https://datarouter.ol.epicgames.com/datarouter/api/v1/public/data?SessionID=%7B2E5DC291-4207-180C-0B2A-B7B078AC97B6%7D&AppID=UEEditor.Rocket.Release&AppVersion=4.19.2-4033788%2B%2B%2BUE4%2BRelease-4.19&UserID=2b8560fe495d6d5110e231ad8bbbd15d%7C737cfa28318f46599f2ecde769e875d7%7C1d3f1c36-a3f6-4dac-b938-2a082149bab2&AppEnvironment=datacollector-binary&UploadType=eteventstream] status=Processing
[2018.06.27-18.44.17:103][962]LogModuleManager: Shutting down and abandoning module SSL (40)
[2018.06.27-18.44.17:105][962]LogModuleManager: Shutting down and abandoning module AnimationModifiers (36)
[2018.06.27-18.44.17:105][962]LogModuleManager: Shutting down and abandoning module PropertyEditor (35)
[2018.06.27-18.44.17:105][962]LogModuleManager: Shutting down and abandoning module AudioEditor (32)
[2018.06.27-18.44.17:106][962]LogModuleManager: Shutting down and abandoning module TextureCompressor (30)
[2018.06.27-18.44.17:106][962]LogModuleManager: Shutting down and abandoning module ShaderCore (28)
[2018.06.27-18.44.17:106][962]LogModuleManager: Shutting down and abandoning module Landscape (26)
[2018.06.27-18.44.17:106][962]LogModuleManager: Shutting down and abandoning module SlateRHIRenderer (24)
[2018.06.27-18.44.17:108][962]LogModuleManager: Shutting down and abandoning module OpenGLDrv (22)
[2018.06.27-18.44.17:108][962]LogModuleManager: Shutting down and abandoning module D3D11RHI (20)
[2018.06.27-18.44.17:108][962]LogModuleManager: Shutting down and abandoning module AnimGraphRuntime (18)
[2018.06.27-18.44.17:108][962]LogModuleManager: Shutting down and abandoning module Renderer (16)
[2018.06.27-18.44.17:108][962]LogModuleManager: Shutting down and abandoning module Engine (14)
[2018.06.27-18.44.17:108][962]LogModuleManager: Shutting down and abandoning module CoreUObject (12)
[2018.06.27-18.44.17:108][962]LogModuleManager: Shutting down and abandoning module NetworkFile (10)
[2018.06.27-18.44.17:108][962]LogModuleManager: Shutting down and abandoning module CookedIterativeFile (8)
[2018.06.27-18.44.17:108][962]LogModuleManager: Shutting down and abandoning module StreamingFile (6)
[2018.06.27-18.44.17:108][962]LogModuleManager: Shutting down and abandoning module SandboxFile (4)
[2018.06.27-18.44.17:108][962]LogModuleManager: Shutting down and abandoning module PakFile (2)
[2018.06.27-18.44.17:123][962]LogExit: Exiting.
[2018.06.27-18.44.17:156][962]Log file closed, 06/27/18 14:44:17
