Log file open, 06/27/18 14:44:30
LogWindows: Failed to load 'aqProf.dll' (GetLastError=126)
LogWindows: File 'aqProf.dll' does not exist
LogWindows: Failed to load 'VtuneApi.dll' (GetLastError=126)
LogWindows: File 'VtuneApi.dll' does not exist
LogWindows: Failed to load 'VtuneApi32e.dll' (GetLastError=126)
LogWindows: File 'VtuneApi32e.dll' does not exist
LogInit: Display: Running engine for game: WetCigStudios
LogPlatformFile: Not using cached read wrapper
LogInit: Display: RandInit(809791223) SRandInit(809791223).
LogInit: Read version file with build ID '3944462'
LogInit: Overriding engine version to CL 4033788, compatible CL 3944462
LogInit: Registered custom module enumerator with build ID '3944462'
LogTaskGraph: Started task graph with 5 named threads and 23 total threads with 3 sets of task threads.
LogStats: Stats thread started at 0.269315
LogD3D11RHI: Aftermath initialized
LogICUInternationalization: Display: ICU TimeZone Detection - Raw Offset: -5:00, Platform Override: ''
LogModuleManager: Display: Found up-to-date module file ../../../Engine/Plugins/Runtime/PhysXVehicles/Binaries/Win64/UE4Editor-PhysXVehicles.dll (API version 3944462).
LogModuleManager: Display: Found up-to-date module file ../../../Engine/Plugins/Runtime/PhysXVehicles/Binaries/Win64/UE4Editor-PhysXVehiclesEditor.dll (API version 3944462).
LogModuleManager: Display: Found up-to-date module file ../../../Engine/Plugins/Experimental/RawInput/Binaries/Win64/UE4Editor-RawInput.dll (API version 3944462).
LogModuleManager: Display: Found up-to-date module file ../../../Engine/Plugins/2D/Paper2D/Binaries/Win64/UE4Editor-Paper2D.dll (API version 3944462).
LogModuleManager: Display: Found up-to-date module file ../../../Engine/Plugins/2D/Paper2D/Binaries/Win64/UE4Editor-Paper2DEditor.dll (API version 3944462).
LogModuleManager: Display: Found up-to-date module file ../../../Engine/Plugins/2D/Paper2D/Binaries/Win64/UE4Editor-PaperSpriteSheetImporter.dll (API version 3944462).
LogModuleManager: Display: Found up-to-date module file ../../../Engine/Plugins/2D/Paper2D/Binaries/Win64/UE4Editor-PaperTiledImporter.dll (API version 3944462).
LogModuleManager: Display: Found up-to-date module file ../../../Engine/Plugins/2D/Paper2D/Binaries/Win64/UE4Editor-SmartSnapping.dll (API version 3944462).
LogModuleManager: Display: Found up-to-date module file ../../../Engine/Plugins/Blendables/LightPropagationVolume/Binaries/Win64/UE4Editor-LightPropagationVolumeRuntime.dll (API version 3944462).
LogModuleManager: Display: Found up-to-date module file ../../../Engine/Plugins/Blendables/LightPropagationVolume/Binaries/Win64/UE4Editor-LightPropagationVolumeEditor.dll (API version 3944462).
LogModuleManager: Display: Found up-to-date module file ../../../Engine/Plugins/Developer/CLionSourceCodeAccess/Binaries/Win64/UE4Editor-CLionSourceCodeAccess.dll (API version 3944462).
LogModuleManager: Display: Found up-to-date module file ../../../Engine/Plugins/Developer/GitSourceControl/Binaries/Win64/UE4Editor-GitSourceControl.dll (API version 3944462).
LogModuleManager: Display: Found up-to-date module file ../../../Engine/Plugins/Developer/PerforceSourceControl/Binaries/Win64/UE4Editor-PerforceSourceControl.dll (API version 3944462).
LogModuleManager: Display: Found up-to-date module file ../../../Engine/Plugins/Developer/SubversionSourceControl/Binaries/Win64/UE4Editor-SubversionSourceControl.dll (API version 3944462).
LogModuleManager: Display: Found up-to-date module file ../../../Engine/Plugins/Developer/UObjectPlugin/Binaries/Win64/UE4Editor-UObjectPlugin.dll (API version 3944462).
LogModuleManager: Display: Found up-to-date module file ../../../Engine/Plugins/Developer/VisualStudioCodeSourceCodeAccess/Binaries/Win64/UE4Editor-VisualStudioCodeSourceCodeAccess.dll (API version 3944462).
LogModuleManager: Display: Found up-to-date module file ../../../Engine/Plugins/Developer/VisualStudioSourceCodeAccess/Binaries/Win64/UE4Editor-VisualStudioSourceCodeAccess.dll (API version 3944462).
LogModuleManager: Display: Found up-to-date module file ../../../Engine/Plugins/Editor/AssetManagerEditor/Binaries/Win64/UE4Editor-AssetManagerEditor.dll (API version 3944462).
LogModuleManager: Display: Found up-to-date module file ../../../Engine/Plugins/Editor/CryptoKeys/Binaries/Win64/UE4Editor-CryptoKeys.dll (API version 3944462).
LogModuleManager: Display: Found up-to-date module file ../../../Engine/Plugins/Editor/CryptoKeys/Binaries/Win64/UE4Editor-CryptoKeysOpenSSL.dll (API version 3944462).
LogModuleManager: Display: Found up-to-date module file ../../../Engine/Plugins/Editor/DataValidation/Binaries/Win64/UE4Editor-DataValidation.dll (API version 3944462).
LogModuleManager: Display: Found up-to-date module file ../../../Engine/Plugins/Editor/FacialAnimation/Binaries/Win64/UE4Editor-FacialAnimation.dll (API version 3944462).
LogModuleManager: Display: Found up-to-date module file ../../../Engine/Plugins/Editor/FacialAnimation/Binaries/Win64/UE4Editor-FacialAnimationEditor.dll (API version 3944462).
LogModuleManager: Display: Found up-to-date module file ../../../Engine/Plugins/Editor/GameplayTagsEditor/Binaries/Win64/UE4Editor-GameplayTagsEditor.dll (API version 3944462).
LogModuleManager: Display: Found up-to-date module file ../../../Engine/Plugins/Editor/MobileLauncherProfileWizard/Binaries/Win64/UE4Editor-MobileLauncherProfileWizard.dll (API version 3944462).
LogModuleManager: Display: Found up-to-date module file ../../../Engine/Plugins/Editor/PluginBrowser/Binaries/Win64/UE4Editor-PluginBrowser.dll (API version 3944462).
LogModuleManager: Display: Found up-to-date module file ../../../Engine/Plugins/Editor/SpeedTreeImporter/Binaries/Win64/UE4Editor-SpeedTreeImporter.dll (API version 3944462).
LogModuleManager: Display: Found up-to-date module file ../../../Engine/Plugins/Enterprise/DatasmithContent/Binaries/Win64/UE4Editor-DatasmithContent.dll (API version 3944462).
LogModuleManager: Display: Found up-to-date module file ../../../Engine/Plugins/Experimental/AlembicImporter/Binaries/Win64/UE4Editor-AlembicImporter.dll (API version 3944462).
LogModuleManager: Display: Found up-to-date module file ../../../Engine/Plugins/Experimental/AlembicImporter/Binaries/Win64/UE4Editor-AlembicLibrary.dll (API version 3944462).
LogModuleManager: Display: Found up-to-date module file ../../../Engine/Plugins/Experimental/CharacterAI/Binaries/Win64/UE4Editor-CharacterAI.dll (API version 3944462).
LogModuleManager: Display: Found up-to-date module file ../../../Engine/Plugins/Experimental/HTML5Networking/Binaries/Win64/UE4Editor-HTML5Networking.dll (API version 3944462).
LogModuleManager: Display: Found up-to-date module file ../../../Engine/Plugins/Media/AndroidMedia/Binaries/Win64/UE4Editor-AndroidMediaEditor.dll (API version 3944462).
LogModuleManager: Display: Found up-to-date module file ../../../Engine/Plugins/Media/AndroidMedia/Binaries/Win64/UE4Editor-AndroidMediaFactory.dll (API version 3944462).
LogModuleManager: Display: Found up-to-date module file ../../../Engine/Plugins/Media/AvfMedia/Binaries/Win64/UE4Editor-AvfMediaEditor.dll (API version 3944462).
LogModuleManager: Display: Found up-to-date module file ../../../Engine/Plugins/Media/AvfMedia/Binaries/Win64/UE4Editor-AvfMediaFactory.dll (API version 3944462).
LogModuleManager: Display: Found up-to-date module file ../../../Engine/Plugins/Media/AvfMedia/Binaries/Win64/UE4Editor-AvfMediaFactory.dll (API version 3944462).
LogModuleManager: Display: Found up-to-date module file ../../../Engine/Plugins/Media/ImgMedia/Binaries/Win64/UE4Editor-ImgMedia.dll (API version 3944462).
LogModuleManager: Display: Found up-to-date module file ../../../Engine/Plugins/Media/ImgMedia/Binaries/Win64/UE4Editor-ImgMediaEditor.dll (API version 3944462).
LogModuleManager: Display: Found up-to-date module file ../../../Engine/Plugins/Media/ImgMedia/Binaries/Win64/UE4Editor-ImgMediaFactory.dll (API version 3944462).
LogModuleManager: Display: Found up-to-date module file ../../../Engine/Plugins/Media/ImgMedia/Binaries/Win64/UE4Editor-ImgMediaFactory.dll (API version 3944462).
LogModuleManager: Display: Found up-to-date module file ../../../Engine/Plugins/Media/ImgMedia/Binaries/Win64/UE4Editor-OpenExrWrapper.dll (API version 3944462).
LogModuleManager: Display: Found up-to-date module file ../../../Engine/Plugins/Media/LinearTimecode/Binaries/Win64/UE4Editor-LinearTimecode.dll (API version 3944462).
LogModuleManager: Display: Found up-to-date module file ../../../Engine/Plugins/Media/MediaCompositing/Binaries/Win64/UE4Editor-MediaCompositing.dll (API version 3944462).
LogModuleManager: Display: Found up-to-date module file ../../../Engine/Plugins/Media/MediaCompositing/Binaries/Win64/UE4Editor-MediaCompositingEditor.dll (API version 3944462).
LogModuleManager: Display: Found up-to-date module file ../../../Engine/Plugins/Media/MediaPlayerEditor/Binaries/Win64/UE4Editor-MediaPlayerEditor.dll (API version 3944462).
LogModuleManager: Display: Found up-to-date module file ../../../Engine/Plugins/Media/WmfMedia/Binaries/Win64/UE4Editor-WmfMedia.dll (API version 3944462).
LogModuleManager: Display: Found up-to-date module file ../../../Engine/Plugins/Media/WmfMedia/Binaries/Win64/UE4Editor-WmfMediaEditor.dll (API version 3944462).
LogModuleManager: Display: Found up-to-date module file ../../../Engine/Plugins/Media/WmfMedia/Binaries/Win64/UE4Editor-WmfMediaFactory.dll (API version 3944462).
LogModuleManager: Display: Found up-to-date module file ../../../Engine/Plugins/Media/WmfMedia/Binaries/Win64/UE4Editor-WmfMediaFactory.dll (API version 3944462).
LogModuleManager: Display: Found up-to-date module file ../../../Engine/Plugins/Messaging/TcpMessaging/Binaries/Win64/UE4Editor-TcpMessaging.dll (API version 3944462).
LogModuleManager: Display: Found up-to-date module file ../../../Engine/Plugins/Messaging/UdpMessaging/Binaries/Win64/UE4Editor-UdpMessaging.dll (API version 3944462).
LogModuleManager: Display: Found up-to-date module file ../../../Engine/Plugins/MovieScene/ActorSequence/Binaries/Win64/UE4Editor-ActorSequence.dll (API version 3944462).
LogModuleManager: Display: Found up-to-date module file ../../../Engine/Plugins/MovieScene/LevelSequenceEditor/Binaries/Win64/UE4Editor-LevelSequenceEditor.dll (API version 3944462).
LogModuleManager: Display: Found up-to-date module file ../../../Engine/Plugins/MovieScene/MatineeToLevelSequence/Binaries/Win64/UE4Editor-MatineeToLevelSequence.dll (API version 3944462).
LogModuleManager: Display: Found up-to-date module file ../../../Engine/Plugins/NetcodeUnitTest/NetcodeUnitTest/Binaries/Win64/UE4Editor-NetcodeUnitTest.dll (API version 3944462).
LogModuleManager: Display: Found up-to-date module file ../../../Engine/Plugins/NetcodeUnitTest/NUTUnrealEngine4/Binaries/Win64/UE4Editor-NUTUnrealEngine4.dll (API version 3944462).
LogModuleManager: Display: Found up-to-date module file ../../../Engine/Plugins/Online/OnlineSubsystem/Binaries/Win64/UE4Editor-OnlineSubsystem.dll (API version 3944462).
LogModuleManager: Display: Found up-to-date module file ../../../Engine/Plugins/Runtime/AndroidPermission/Binaries/Win64/UE4Editor-AndroidPermission.dll (API version 3944462).
LogModuleManager: Display: Found up-to-date module file ../../../Engine/Plugins/Online/OnlineSubsystemNull/Binaries/Win64/UE4Editor-OnlineSubsystemNull.dll (API version 3944462).
LogModuleManager: Display: Found up-to-date module file ../../../Engine/Plugins/Online/OnlineSubsystemUtils/Binaries/Win64/UE4Editor-OnlineSubsystemUtils.dll (API version 3944462).
LogModuleManager: Display: Found up-to-date module file ../../../Engine/Plugins/Online/OnlineSubsystemUtils/Binaries/Win64/UE4Editor-OnlineBlueprintSupport.dll (API version 3944462).
LogModuleManager: Display: Found up-to-date module file ../../../Engine/Plugins/Runtime/AndroidDeviceProfileSelector/Binaries/Win64/UE4Editor-AndroidDeviceProfileSelector.dll (API version 3944462).
LogModuleManager: Display: Found up-to-date module file ../../../Engine/Plugins/Runtime/AppleARKit/Binaries/Win64/UE4Editor-AppleARKit.dll (API version 3944462).
LogModuleManager: Display: Found up-to-date module file ../../../Engine/Plugins/Runtime/ProceduralMeshComponent/Binaries/Win64/UE4Editor-ProceduralMeshComponent.dll (API version 3944462).
LogModuleManager: Display: Found up-to-date module file ../../../Engine/Plugins/Runtime/ProceduralMeshComponent/Binaries/Win64/UE4Editor-ProceduralMeshComponentEditor.dll (API version 3944462).
LogModuleManager: Display: Found up-to-date module file ../../../Engine/Plugins/Animation/LiveLink/Binaries/Win64/UE4Editor-LiveLink.dll (API version 3944462).
LogModuleManager: Display: Found up-to-date module file ../../../Engine/Plugins/Animation/LiveLink/Binaries/Win64/UE4Editor-LiveLinkEditor.dll (API version 3944462).
LogModuleManager: Display: Found up-to-date module file ../../../Engine/Plugins/Runtime/ArchVisCharacter/Binaries/Win64/UE4Editor-ArchVisCharacter.dll (API version 3944462).
LogModuleManager: Display: Found up-to-date module file ../../../Engine/Plugins/Runtime/AudioCapture/Binaries/Win64/UE4Editor-AudioCapture.dll (API version 3944462).
LogModuleManager: Display: Found up-to-date module file ../../../Engine/Plugins/Runtime/AudioCapture/Binaries/Win64/UE4Editor-AudioCaptureEditor.dll (API version 3944462).
LogModuleManager: Display: Found up-to-date module file ../../../Engine/Plugins/Runtime/CableComponent/Binaries/Win64/UE4Editor-CableComponent.dll (API version 3944462).
LogModuleManager: Display: Found up-to-date module file ../../../Engine/Plugins/Runtime/CustomMeshComponent/Binaries/Win64/UE4Editor-CustomMeshComponent.dll (API version 3944462).
LogModuleManager: Display: Found up-to-date module file ../../../Engine/Plugins/Runtime/ExampleDeviceProfileSelector/Binaries/Win64/UE4Editor-ExampleDeviceProfileSelector.dll (API version 3944462).
LogModuleManager: Display: Found up-to-date module file ../../../Engine/Plugins/Runtime/ImmediatePhysics/Binaries/Win64/UE4Editor-ImmediatePhysics.dll (API version 3944462).
LogModuleManager: Display: Found up-to-date module file ../../../Engine/Plugins/Runtime/ImmediatePhysics/Binaries/Win64/UE4Editor-ImmediatePhysicsEditor.dll (API version 3944462).
LogModuleManager: Display: Found up-to-date module file ../../../Engine/Plugins/Runtime/LocationServicesBPLibrary/Binaries/Win64/UE4Editor-LocationServicesBPLibrary.dll (API version 3944462).
LogModuleManager: Display: Found up-to-date module file ../../../Engine/Plugins/Runtime/MobilePatchingUtils/Binaries/Win64/UE4Editor-MobilePatchingUtils.dll (API version 3944462).
LogModuleManager: Display: Found up-to-date module file ../../../Engine/Plugins/Runtime/Oculus/OculusVR/Binaries/Win64/UE4Editor-OculusHMD.dll (API version 3944462).
LogModuleManager: Display: Found up-to-date module file ../../../Engine/Plugins/Runtime/Oculus/OculusVR/Binaries/Win64/UE4Editor-OculusInput.dll (API version 3944462).
LogModuleManager: Display: Found up-to-date module file ../../../Engine/Plugins/Runtime/Oculus/OculusVR/Binaries/Win64/UE4Editor-OculusEditor.dll (API version 3944462).
LogModuleManager: Display: Found up-to-date module file ../../../Engine/Plugins/Runtime/RuntimePhysXCooking/Binaries/Win64/UE4Editor-RuntimePhysXCooking.dll (API version 3944462).
LogModuleManager: Display: Found up-to-date module file ../../../Engine/Plugins/Runtime/Steam/SteamVR/Binaries/Win64/UE4Editor-SteamVR.dll (API version 3944462).
LogModuleManager: Display: Found up-to-date module file ../../../Engine/Plugins/Runtime/Steam/SteamVR/Binaries/Win64/UE4Editor-SteamVRController.dll (API version 3944462).
LogModuleManager: Display: Found up-to-date module file ../../../Engine/Plugins/Runtime/WindowsMoviePlayer/Binaries/Win64/UE4Editor-WindowsMoviePlayer.dll (API version 3944462).
LogPluginManager: Mounting plugin Paper2D
LogPluginManager: Mounting plugin LiveLink
LogPluginManager: Mounting plugin LightPropagationVolume
LogPluginManager: Mounting plugin CLionSourceCodeAccess
LogPluginManager: Mounting plugin CodeLiteSourceCodeAccess
LogPluginManager: Mounting plugin GitSourceControl
LogPluginManager: Mounting plugin KDevelopSourceCodeAccess
LogPluginManager: Mounting plugin NullSourceCodeAccess
LogPluginManager: Mounting plugin PerforceSourceControl
LogPluginManager: Mounting plugin SubversionSourceControl
LogPluginManager: Mounting plugin UObjectPlugin
LogPluginManager: Mounting plugin VisualStudioCodeSourceCodeAccess
LogPluginManager: Mounting plugin VisualStudioSourceCodeAccess
LogPluginManager: Mounting plugin XCodeSourceCodeAccess
LogPluginManager: Mounting plugin AssetManagerEditor
LogPluginManager: Mounting plugin CryptoKeys
LogPluginManager: Mounting plugin DataValidation
LogPluginManager: Mounting plugin FacialAnimation
LogPluginManager: Mounting plugin GameplayTagsEditor
LogPluginManager: Mounting plugin MobileLauncherProfileWizard
LogPluginManager: Mounting plugin PluginBrowser
LogPluginManager: Mounting plugin SpeedTreeImporter
LogPluginManager: Mounting plugin DatasmithContent
LogPluginManager: Mounting plugin AlembicImporter
LogPluginManager: Mounting plugin CharacterAI
LogPluginManager: Mounting plugin HTML5Networking
LogPluginManager: Mounting plugin RawInput
LogPluginManager: Mounting plugin AndroidMedia
LogPluginManager: Mounting plugin AvfMedia
LogPluginManager: Mounting plugin ImgMedia
LogPluginManager: Mounting plugin LinearTimecode
LogPluginManager: Mounting plugin MediaCompositing
LogPluginManager: Mounting plugin MediaPlayerEditor
LogPluginManager: Mounting plugin WmfMedia
LogPluginManager: Mounting plugin TcpMessaging
LogPluginManager: Mounting plugin UdpMessaging
LogPluginManager: Mounting plugin ActorSequence
LogPluginManager: Mounting plugin LevelSequenceEditor
LogPluginManager: Mounting plugin MatineeToLevelSequence
LogPluginManager: Mounting plugin NetcodeUnitTest
LogPluginManager: Mounting plugin NUTUnrealEngine4
LogPluginManager: Mounting plugin OnlineSubsystemGooglePlay
LogPluginManager: Mounting plugin OnlineSubsystemIOS
LogPluginManager: Mounting plugin OnlineSubsystem
LogPluginManager: Mounting plugin OnlineSubsystemNull
LogPluginManager: Mounting plugin OnlineSubsystemUtils
LogPluginManager: Mounting plugin AndroidDeviceProfileSelector
LogPluginManager: Mounting plugin AndroidMoviePlayer
LogPluginManager: Mounting plugin AndroidPermission
LogPluginManager: Mounting plugin AppleARKit
LogPluginManager: Mounting plugin AppleMoviePlayer
LogPluginManager: Mounting plugin ArchVisCharacter
LogPluginManager: Mounting plugin AudioCapture
LogPluginManager: Mounting plugin CableComponent
LogPluginManager: Mounting plugin CustomMeshComponent
LogPluginManager: Mounting plugin ExampleDeviceProfileSelector
LogPluginManager: Mounting plugin GoogleCloudMessaging
LogPluginManager: Mounting plugin ImmediatePhysics
LogPluginManager: Mounting plugin IOSDeviceProfileSelector
LogPluginManager: Mounting plugin LinuxDeviceProfileSelector
LogPluginManager: Mounting plugin LocationServicesBPLibrary
LogPluginManager: Mounting plugin MobilePatchingUtils
LogPluginManager: Mounting plugin OculusVR
LogPluginManager: Plugin shader directory ../../../Engine/Plugins/Runtime/Oculus/OculusVR/Shaders found
LogPluginManager: Mapping shader source directory ../../../Engine/Plugins/Runtime/Oculus/OculusVR/Shaders to virtual directory /Plugin/OculusVR
LogPluginManager: Mounting plugin PhysXVehicles
LogPluginManager: Mounting plugin ProceduralMeshComponent
LogPluginManager: Mounting plugin RuntimePhysXCooking
LogPluginManager: Mounting plugin SteamVR
LogPluginManager: Mounting plugin WindowsMoviePlayer
LogStreaming: Display: Took  0.935s to configure plugins.
LogInit: Using libcurl 7.47.1
LogInit:  - built for x86_64-pc-win32
LogInit:  - supports SSL with OpenSSL/1.0.2g
LogInit:  - supports HTTP deflate (compression) using libz 1.2.8
LogInit:  - other features:
LogInit:      CURL_VERSION_SSL
LogInit:      CURL_VERSION_LIBZ
LogInit:      CURL_VERSION_IPV6
LogInit:      CURL_VERSION_ASYNCHDNS
LogInit:      CURL_VERSION_LARGEFILE
LogInit:      CURL_VERSION_IDN
LogInit:  CurlRequestOptions (configurable via config and command line):
LogInit:  - bVerifyPeer = false  - Libcurl will NOT verify peer certificate
LogInit:  - bUseHttpProxy = false  - Libcurl will NOT use HTTP proxy
LogInit:  - bDontReuseConnections = false  - Libcurl will reuse connections
LogInit:  - CertBundlePath = nullptr  - Libcurl will use whatever was configured at build time.
LogInit:  - MaxHostConnections = 16  - Libcurl will limit the number of connections to a host
LogInit:  - LocalHostAddr = Default
LogInit: WinSock: version 1.1 (2.2), MaxSocks=32767, MaxUdp=65467
LogInit: WinSock: I am Camp-3R2B142 (170.140.95.60:0)
LogInit: Build: ++UE4+Release-4.19-CL-4033788
LogInit: Engine Version: 4.19.2-4033788+++UE4+Release-4.19
LogInit: Compatible Engine Version: 4.19.0-3944462+++UE4+Release-4.19
LogInit: Net CL: 3944462
LogDevObjectVersion: Number of dev versions registered: 18
LogDevObjectVersion:   Dev-Blueprints (B0D832E4-1F89-4F0D-ACCF-7EB736FD4AA2): 10
LogDevObjectVersion:   Dev-Build (E1C64328-A22C-4D53-A36C-8E866417BD8C): 0
LogDevObjectVersion:   Dev-Core (375EC13C-06E4-48FB-B500-84F0262A717E): 2
LogDevObjectVersion:   Dev-Editor (E4B068ED-F494-42E9-A231-DA0B2E46BB41): 23
LogDevObjectVersion:   Dev-Framework (CFFC743F-43B0-4480-9391-14DF171D2073): 33
LogDevObjectVersion:   Dev-Mobile (B02B49B5-BB20-44E9-A304-32B752E40360): 2
LogDevObjectVersion:   Dev-Networking (A4E4105C-59A1-49B5-A7C5-40C4547EDFEE): 0
LogDevObjectVersion:   Dev-Online (39C831C9-5AE6-47DC-9A44-9C173E1C8E7C): 0
LogDevObjectVersion:   Dev-Physics (78F01B33-EBEA-4F98-B9B4-84EACCB95AA2): 0
LogDevObjectVersion:   Dev-Platform (6631380F-2D4D-43E0-8009-CF276956A95A): 0
LogDevObjectVersion:   Dev-Rendering (12F88B9F-8875-4AFC-A67C-D90C383ABD29): 25
LogDevObjectVersion:   Dev-Sequencer (7B5AE74C-D270-4C10-A958-57980B212A5A): 6
LogDevObjectVersion:   Dev-VR (D7296918-1DD6-4BDD-9DE2-64A83CC13884): 1
LogDevObjectVersion:   Dev-LoadTimes (C2A15278-BFE7-4AFE-6C17-90FF531DF755): 1
LogDevObjectVersion:   Private-Geometry (6EACA3D4-40EC-4CC1-B786-8BED09428FC5): 2
LogDevObjectVersion:   Dev-AnimPhys (29E575DD-E0A3-4627-9D10-D276232CDCEA): 16
LogDevObjectVersion:   Dev-ReflectionCapture (6B266CEC-1EC7-4B8F-A30B-E4D90942FC07): 1
LogDevObjectVersion:   Dev-Automation (0DF73D61-A23F-47EA-B727-89E90C41499A): 1
LogInit: Compiled (64-bit): Apr 27 2018 02:06:57
LogInit: Compiled with Visual C++: 19.00.24215.01
LogInit: Build Configuration: Development
LogInit: Branch Name: ++UE4+Release-4.19
LogInit: Command Line:  
LogInit: Base Directory: C:/Program Files/Epic Games/UE_4.19/Engine/Binaries/Win64/
LogInit: Installed Engine Build: 1
LogStreaming: Display: Took  0.002s to delete old logs.
LogInit: Presizing for max 8388607 objects, including 0 objects not considered by GC, pre-allocating 0 bytes for permanent pool.
LogInit: Object subsystem initialized
[2018.06.27-18.44.31:678][  0]LogInit: Selected Device Profile: [Windows]
[2018.06.27-18.44.31:678][  0]LogInit: Applying CVar settings loaded from the selected device profile: [Windows]
[2018.06.27-18.44.31:698][  0]LogInit: Computer: CAMP-3R2B142
[2018.06.27-18.44.31:698][  0]LogInit: User: iDStudent
[2018.06.27-18.44.31:698][  0]LogInit: CPU Page size=4096, Cores=4
[2018.06.27-18.44.31:698][  0]LogInit: High frequency timer resolution =2.742191 MHz
[2018.06.27-18.44.31:699][  0]LogMemory: Memory total: Physical=15.9GB (16GB approx)
[2018.06.27-18.44.31:699][  0]LogMemory: Platform Memory Stats for Windows
[2018.06.27-18.44.31:699][  0]LogMemory: Process Physical Memory: 275.18 MB used, 275.18 MB peak
[2018.06.27-18.44.31:699][  0]LogMemory: Process Virtual Memory: 264.84 MB used, 264.84 MB peak
[2018.06.27-18.44.31:699][  0]LogMemory: Physical Memory: 6218.27 MB used,  10031.90 MB free, 16250.17 MB total
[2018.06.27-18.44.31:699][  0]LogMemory: Virtual Memory: 693.34 MB used,  10031.90 MB free, 134217728.00 MB total
[2018.06.27-18.44.31:740][  0]LogInit: Using OS detected language (en-US).
[2018.06.27-18.44.31:740][  0]LogInit: Using OS detected locale (en-US).
[2018.06.27-18.44.31:745][  0]LogTextLocalizationManager: No specific localization for 'en-US' exists, so the 'en' localization will be used.
[2018.06.27-18.44.32:180][  0]LogStreaming: Display: Took  0.440s to EndInitTextLocalization.
[2018.06.27-18.44.32:180][  0]LogInit: Setting process to per monitor DPI aware
[2018.06.27-18.44.32:216][  0]LogSlate: New Slate User Created.  User Index 0, Is Virtual User: 0
[2018.06.27-18.44.32:216][  0]LogSlate: Slate User Registered.  User Index 0, Is Virtual User: 0
[2018.06.27-18.44.32:443][  0]LogD3D11RHI: D3D11 adapters:
[2018.06.27-18.44.32:503][  0]LogD3D11RHI:    0. 'NVIDIA GeForce GTX 1050 Ti' (Feature Level 11_0)
[2018.06.27-18.44.32:503][  0]LogD3D11RHI:       4018/0/8125 MB DedicatedVideo/DedicatedSystem/SharedSystem, Outputs:1, VendorId:0x10de
[2018.06.27-18.44.32:512][  0]LogD3D11RHI:    1. 'Intel(R) HD Graphics 630' (Feature Level 11_0)
[2018.06.27-18.44.32:512][  0]LogD3D11RHI:       128/0/8125 MB DedicatedVideo/DedicatedSystem/SharedSystem, Outputs:0, VendorId:0x8086
[2018.06.27-18.44.32:514][  0]LogD3D11RHI:    2. 'Microsoft Basic Render Driver' (Feature Level 11_0)
[2018.06.27-18.44.32:514][  0]LogD3D11RHI:       0/0/8125 MB DedicatedVideo/DedicatedSystem/SharedSystem, Outputs:0, VendorId:0x1414
[2018.06.27-18.44.32:514][  0]LogD3D11RHI: Chosen D3D11 Adapter: 0
[2018.06.27-18.44.32:520][  0]LogD3D11RHI: Creating new Direct3DDevice
[2018.06.27-18.44.32:520][  0]LogD3D11RHI:     GPU DeviceId: 0x1c8c (for the marketing name, search the web for "GPU Device Id")
[2018.06.27-18.44.32:520][  0]LogWindows: EnumDisplayDevices:
[2018.06.27-18.44.32:520][  0]LogWindows:    0. 'Intel(R) HD Graphics 630' (P:1 D:1)
[2018.06.27-18.44.32:520][  0]LogWindows:    1. 'Intel(R) HD Graphics 630' (P:0 D:0)
[2018.06.27-18.44.32:520][  0]LogWindows:    2. 'Intel(R) HD Graphics 630' (P:0 D:0)
[2018.06.27-18.44.32:520][  0]LogWindows:    3. 'NVIDIA GeForce GTX 1050 Ti' (P:0 D:0)
[2018.06.27-18.44.32:520][  0]LogWindows: DebugString: GetVideoDriverDetailsInvalid PrimaryIsNotTheChoosenAdapter GetVideoDriverDetailsInvalid PrimaryIsNotTheChoosenAdapter GetVideoDriverDetailsInvalid PrimaryIsNotTheChoosenAdapter GetVideoDriverDetailsInvalid PrimaryIsNotTheChoosenAdapter FoundDriverCount:0 
[2018.06.27-18.44.32:520][  0]LogD3D11RHI:     Adapter Name: NVIDIA GeForce GTX 1050 Ti
[2018.06.27-18.44.32:520][  0]LogD3D11RHI:   Driver Version: Unknown (internal:Unknown, unified:Unknown)
[2018.06.27-18.44.32:520][  0]LogD3D11RHI:      Driver Date: Unknown
[2018.06.27-18.44.32:520][  0]LogRHI: Texture pool is 2812 MB (70% of 4018 MB)
[2018.06.27-18.44.32:553][  0]LogD3D11RHI: [Aftermath] Aftermath enabled and primed
[2018.06.27-18.44.32:553][  0]LogD3D11RHI: [Aftermath] Aftermath enabled and primed
[2018.06.27-18.44.32:553][  0]LogD3D11RHI: Async texture creation enabled
[2018.06.27-18.44.32:570][  0]LogD3D11RHI: GPU Timing Frequency: 1000.000000 (Debug: 2 2)
[2018.06.27-18.44.32:571][  0]LogShaderCompilers: Guid format shader working directory is -5 characters bigger than the processId version (../../../../../../Users/iD Student/Desktop/WetCigStudios/Intermediate/Shaders/WorkingDirectory/4048/).
[2018.06.27-18.44.32:571][  0]LogShaderCompilers: Cleaned the shader compiler working directory 'C:/Users/iD Student/AppData/Local/Temp/UnrealShaderWorkingDir/2C9AF444481DD50B4E3FCB889CF571D0/'.
[2018.06.27-18.44.32:796][  0]LogTemp: Display: Loaded TP AllDesktopTargetPlatform
[2018.06.27-18.44.32:810][  0]LogTemp: Display: Loaded TP MacClientTargetPlatform
[2018.06.27-18.44.32:823][  0]LogTemp: Display: Loaded TP MacNoEditorTargetPlatform
[2018.06.27-18.44.32:836][  0]LogTemp: Display: Loaded TP MacServerTargetPlatform
[2018.06.27-18.44.32:850][  0]LogTemp: Display: Loaded TP MacTargetPlatform
[2018.06.27-18.44.32:864][  0]LogTemp: Display: Loaded TP WindowsClientTargetPlatform
[2018.06.27-18.44.32:877][  0]LogTemp: Display: Loaded TP WindowsNoEditorTargetPlatform
[2018.06.27-18.44.32:891][  0]LogTemp: Display: Loaded TP WindowsServerTargetPlatform
[2018.06.27-18.44.32:898][  0]LogTemp: Display: Loaded TP WindowsTargetPlatform
[2018.06.27-18.44.32:909][  0]LogTemp: Display: Loaded TP Android_ASTCTargetPlatform
[2018.06.27-18.44.32:921][  0]LogTemp: Display: Loaded TP Android_ATCTargetPlatform
[2018.06.27-18.44.32:933][  0]LogTemp: Display: Loaded TP Android_DXTTargetPlatform
[2018.06.27-18.44.32:945][  0]LogTemp: Display: Loaded TP Android_ETC1aTargetPlatform
[2018.06.27-18.44.32:957][  0]LogTemp: Display: Loaded TP Android_ETC1TargetPlatform
[2018.06.27-18.44.32:968][  0]LogTemp: Display: Loaded TP Android_ETC2TargetPlatform
[2018.06.27-18.44.32:992][  0]LogTemp: Display: Loaded TP Android_MultiTargetPlatform
[2018.06.27-18.44.32:992][  0]LogTemp: Display: Loaded TP Android_PVRTCTargetPlatform
[2018.06.27-18.44.33:005][  0]LogTemp: Display: Loaded TP AndroidTargetPlatform
[2018.06.27-18.44.33:006][  0]LogTemp: Display: Loaded TP HTML5TargetPlatform
[2018.06.27-18.44.33:042][  0]LogTemp: Display: Loaded TP IOSTargetPlatform
[2018.06.27-18.44.33:054][  0]LogTemp: Display: Loaded TP TVOSTargetPlatform
[2018.06.27-18.44.33:065][  0]LogTemp: Display: Loaded TP LinuxClientTargetPlatform
[2018.06.27-18.44.33:078][  0]LogTemp: Display: Loaded TP LinuxNoEditorTargetPlatform
[2018.06.27-18.44.33:089][  0]LogTemp: Display: Loaded TP LinuxServerTargetPlatform
[2018.06.27-18.44.33:102][  0]LogTemp: Display: Loaded TP LinuxTargetPlatform
[2018.06.27-18.44.33:102][  0]LogTargetPlatformManager: Display: Building Assets For Windows
[2018.06.27-18.44.33:206][  0]LogXGEController: Cannot use XGE Controller as Incredibuild is not installed on this machine.
[2018.06.27-18.44.33:206][  0]LogShaderCompilers: Cannot use XGE Shader Compiler as Incredibuild is not installed on this machine.
[2018.06.27-18.44.33:206][  0]LogShaderCompilers: Display: Using Local Shader Compiler.
[2018.06.27-18.44.33:877][  0]LogDerivedDataCache: Display: Max Cache Size: 512 MB
[2018.06.27-18.44.33:950][  0]LogDerivedDataCache: Loaded boot cache 0.07s 74MB C:/Users/iD Student/AppData/Local/UnrealEngine/4.19/DerivedDataCache/Boot.ddc.
[2018.06.27-18.44.33:950][  0]LogDerivedDataCache: Display: Loaded Boot cache: C:/Users/iD Student/AppData/Local/UnrealEngine/4.19/DerivedDataCache/Boot.ddc
[2018.06.27-18.44.33:950][  0]LogDerivedDataCache: FDerivedDataBackendGraph:  Pak pak cache file ../../../../../../Users/iD Student/Desktop/WetCigStudios/DerivedDataCache/DDC.ddp not found, will not use a pak cache.
[2018.06.27-18.44.33:950][  0]LogDerivedDataCache: Unable to find inner node Pak for hierarchical cache Hierarchy.
[2018.06.27-18.44.33:950][  0]LogDerivedDataCache: FDerivedDataBackendGraph:  CompressedPak pak cache file ../../../../../../Users/iD Student/Desktop/WetCigStudios/DerivedDataCache/Compressed.ddp not found, will not use a pak cache.
[2018.06.27-18.44.33:950][  0]LogDerivedDataCache: Unable to find inner node CompressedPak for hierarchical cache Hierarchy.
[2018.06.27-18.44.33:965][  0]LogDerivedDataCache: Display: Pak cache opened for reading ../../../Engine/DerivedDataCache/Compressed.ddp.
[2018.06.27-18.44.33:978][  0]LogDerivedDataCache: Using Local data cache path C:/Users/iD Student/AppData/Local/UnrealEngine/Common/DerivedDataCache: Writable
[2018.06.27-18.44.33:978][  0]LogDerivedDataCache: Shared data cache path not found in *engine.ini, will not use an Shared cache.
[2018.06.27-18.44.33:978][  0]LogDerivedDataCache: Unable to find inner node Shared for hierarchical cache Hierarchy.
[2018.06.27-18.44.33:989][  0]LogMaterial: Verifying Global Shaders for PCD3D_SM5
[2018.06.27-18.44.33:989][  0]LogSlate: Using Freetype 2.6.0
[2018.06.27-18.44.33:990][  0]LogSlate: SlateFontCache - WITH_FREETYPE: 1, WITH_HARFBUZZ: 1
[2018.06.27-18.44.33:990][  0]LogSlate: SlateFontCache - WITH_FREETYPE: 1, WITH_HARFBUZZ: 1
[2018.06.27-18.44.34:109][  0]LogAssetRegistry: FAssetRegistry took 0.0262 seconds to start up
[2018.06.27-18.44.34:438][  0]LogInit: Selected Device Profile: [Windows]
[2018.06.27-18.44.34:593][  0]LogSimplygon: Simplygon DLL not present - disabling.
[2018.06.27-18.44.34:595][  0]LogMeshReduction: Using SimplygonSwarm for distributed automatic mesh merging
[2018.06.27-18.44.34:595][  0]LogMeshReduction: Using QuadricMeshReduction for automatic static mesh reduction
[2018.06.27-18.44.34:595][  0]LogMeshReduction: No automatic skeletal mesh reduction module available
[2018.06.27-18.44.34:595][  0]LogMeshReduction: No automatic mesh merging module available
[2018.06.27-18.44.34:595][  0]LogMeshMerging: No automatic mesh merging module available
[2018.06.27-18.44.34:625][  0]LogNetVersion: WetCigStudios , NetCL: 3944462, EngineNetVer: 2, GameNetVer: 0 (Checksum: 11115319)
[2018.06.27-18.44.35:084][  0]LogPackageLocalizationCache: Processed 9 localized package path(s) for 2 prioritized culture(s) in 0.081796 seconds
[2018.06.27-18.44.35:091][  0]LogUObjectArray: 36728 objects as part of root set at end of initial load.
[2018.06.27-18.44.35:091][  0]LogUObjectAllocator: 7314304 out of 0 bytes used by permanent object pool.
[2018.06.27-18.44.35:091][  0]LogUObjectArray: CloseDisregardForGC: 0/0 objects in disregard for GC pool
[2018.06.27-18.44.36:770][  0]LogTcpMessaging: Initializing TcpMessaging bridge
[2018.06.27-18.44.36:800][  0]LogUdpMessaging: Initializing bridge on interface 0.0.0.0:0 to multicast group 230.0.0.1:6666.
[2018.06.27-18.44.37:169][  0]SourceControl: Source control is disabled
[2018.06.27-18.44.37:169][  0]SourceControl: Source control is disabled
[2018.06.27-18.44.37:187][  0]SourceControl: Source control is disabled
[2018.06.27-18.44.37:204][  0]SourceControl: Source control is disabled
[2018.06.27-18.44.37:721][  0]LogAndroidPermission: UAndroidPermissionCallbackProxy::GetInstance
[2018.06.27-18.44.37:857][  0]LogOcInput: OculusInput pre-init called
[2018.06.27-18.44.37:963][  0]LogEngine: Initializing Engine...
[2018.06.27-18.44.37:964][  0]LogHMD: Failed to initialize OpenVR with code 110
[2018.06.27-18.44.37:965][  0]LogStats: UGameplayTagsManager::ConstructGameplayTagTree: Construct from data asset -  0.000 s
[2018.06.27-18.44.37:965][  0]LogStats: UGameplayTagsManager::ConstructGameplayTagTree: GameplayTagTreeChangedEvent.Broadcast -  0.000 s
[2018.06.27-18.44.38:290][  0]LogAIModule: Creating AISystem for world Untitled
[2018.06.27-18.44.38:294][  0]LogInit: XAudio2 using 'Speakers / Headphones (Realtek Audio)' : 2 channels at 48 kHz using 32 bits per sample (channel mask 0x3)
[2018.06.27-18.44.38:367][  0]LogInit: FAudioDevice initialized.
[2018.06.27-18.44.38:451][  0]LogDerivedDataCache: Saved boot cache 0.08s 74MB C:/Users/iD Student/AppData/Local/UnrealEngine/4.19/DerivedDataCache/Boot.ddc.
[2018.06.27-18.44.38:473][  0]LogInit: Texture streaming: Enabled
[2018.06.27-18.44.38:495][  0]LogEngineSessionManager: EngineSessionManager initialized
[2018.06.27-18.44.38:510][  0]LogInit: Transaction tracking system initialized
[2018.06.27-18.44.38:539][  0]BlueprintLog: New page: Editor Load
[2018.06.27-18.44.38:629][  0]LocalizationService: Localization service is disabled
[2018.06.27-18.44.38:729][  0]LogConsoleResponse: Display: 
[2018.06.27-18.44.38:897][  0]LogCook: Display: Max memory allowance for cook 16384mb min free memory 0mb
[2018.06.27-18.44.38:897][  0]LogCook: Display: Mobile HDR setting 1
[2018.06.27-18.44.38:897][  0]LogGameplayTags: Display: UGameplayTagsManager::DoneAddingNativeTags. DelegateIsBound: 0
[2018.06.27-18.44.38:897][  0]LogStats: UGameplayTagsManager::ConstructGameplayTagTree: Construct from data asset -  0.000 s
[2018.06.27-18.44.38:897][  0]LogStats: UGameplayTagsManager::ConstructGameplayTagTree: GameplayTagTreeChangedEvent.Broadcast -  0.000 s
[2018.06.27-18.44.39:269][  0]LogFileCache: Scanning file cache for directory 'C:/Users/iD Student/Desktop/WetCigStudios/Content/' took 0.01s
[2018.06.27-18.44.39:269][  0]SourceControl: Source control is disabled
[2018.06.27-18.44.39:270][  0]Cmd: MAP LOAD FILE="../../../../../../Users/iD Student/Desktop/WetCigStudios/Content/VehicleBP/Maps/VehicleExampleMap.umap" TEMPLATE=0 SHOWPROGRESS=1 FEATURELEVEL=3
[2018.06.27-18.44.39:270][  0]LogEditorServer: Warning: Can't find file '../../../../../../Users/iD Student/Desktop/WetCigStudios/Content/VehicleBP/Maps/VehicleExampleMap.umap'
[2018.06.27-18.44.39:270][  0]Cmd: MAP CHECKDEP NOCLEARLOG
[2018.06.27-18.44.39:321][  0]MapCheck: Map check complete: 0 Error(s), 0 Warning(s), took 50.66ms to complete.
[2018.06.27-18.44.39:321][  0]LogFileHelpers: Loading map 'VehicleExampleMap' took 0.051
[2018.06.27-18.44.39:459][  0]LogCollectionManager: Loaded 0 collections in 0.001880 seconds
[2018.06.27-18.44.39:501][  0]LogFileCache: Scanning file cache for directory 'C:/Users/iD Student/Desktop/WetCigStudios/Saved/Collections/' took 0.01s
[2018.06.27-18.44.39:501][  0]LogFileCache: Scanning file cache for directory 'C:/Users/iD Student/Desktop/WetCigStudios/Content/Developers/iDStudent/Collections/' took 0.01s
[2018.06.27-18.44.39:501][  0]LogFileCache: Scanning file cache for directory 'C:/Users/iD Student/Desktop/WetCigStudios/Content/Collections/' took 0.01s
[2018.06.27-18.44.39:501][  0]LogCollectionManager: Rebuilt the GUID cache for 0 collections in 0.000000 seconds
[2018.06.27-18.44.39:512][  0]LogContentBrowser: Native class hierarchy populated in 0.0108 seconds. Added 2454 classes and 561 folders.
[2018.06.27-18.44.39:519][  0]LogContentBrowser: Native class hierarchy updated for 'WidgetCarousel' in 0.0002 seconds. Added 0 classes and 0 folders.
[2018.06.27-18.44.39:560][  0]LogContentBrowser: Native class hierarchy updated for 'AddContentDialog' in 0.0002 seconds. Added 0 classes and 0 folders.
[2018.06.27-18.44.39:565][  0]LogContentBrowser: Native class hierarchy updated for 'SceneOutliner' in 0.0002 seconds. Added 1 classes and 2 folders.
[2018.06.27-18.44.39:583][  0]LogSlate: Took 0.000352 seconds to synchronously load lazily loaded font '../../../Engine/Content/Slate/Fonts/Roboto-Regular.ttf' (155K)
[2018.06.27-18.44.39:587][  0]LogSlate: Took 0.000446 seconds to synchronously load lazily loaded font '../../../Engine/Content/Slate/Fonts/Roboto-Bold.ttf' (160K)
[2018.06.27-18.44.39:595][  0]LogSlate: Took 0.000255 seconds to synchronously load lazily loaded font '../../../Engine/Content/Editor/Slate/Fonts/FontAwesome.ttf' (139K)
[2018.06.27-18.44.39:722][  0]LogRenderer: Reallocating scene render targets to support 836x384 Format 10 NumSamples 1 (Frame:1).
[2018.06.27-18.44.39:976][  0]LogContentBrowser: Native class hierarchy updated for 'HierarchicalLODOutliner' in 0.0003 seconds. Added 0 classes and 0 folders.
[2018.06.27-18.44.39:976][  0]LogLoad: (Engine Initialization) Total time: 10.59 seconds
[2018.06.27-18.44.39:976][  0]LogLoad: (Engine Initialization) Total Blueprint compile time: 0.00 seconds
[2018.06.27-18.44.39:995][  0]LogWindowsTextInputMethodSystem: Display: IME system now deactivated.
[2018.06.27-18.44.39:996][  0]LogRawInputWindows: Warning: Found device 0 devices
[2018.06.27-18.44.39:996][  0]LogRawInputWindows: Warning: Found device 0 devices
[2018.06.27-18.44.39:996][  0]LogRawInputWindows: Warning: Device was registered succesfully but not connected (Usage:4 UsagePage:1)
[2018.06.27-18.44.39:996][  0]LogRawInputWindows: Warning: Found device 1 devices
[2018.06.27-18.44.39:996][  0]LogRawInputWindows: Warning: Device was registered succesfully but not connected (Usage:5 UsagePage:1)
[2018.06.27-18.44.40:017][  0]LogContentStreaming: Texture pool size now 1000 MB
[2018.06.27-18.44.40:058][  0]LogSlate: Took 0.000183 seconds to synchronously load lazily loaded font '../../../Engine/Content/Slate/Fonts/Roboto-Light.ttf' (167K)
[2018.06.27-18.44.40:122][  1]LogAssetRegistry: Asset discovery search completed in 6.0353 seconds
[2018.06.27-18.44.40:124][  1]LogCollectionManager: Rebuilt the object cache for 0 collections in 0.000000 seconds (found 0 objects)
[2018.06.27-18.44.40:124][  1]LogCollectionManager: Fixed up redirectors for 0 collections in 0.000042 seconds (updated 0 objects)
[2018.06.27-18.44.44:380][241]LogSlate: FSceneViewport::OnFocusLost() reason 2
[2018.06.27-18.44.46:057][340]LogSlate: FSceneViewport::OnFocusLost() reason 2
[2018.06.27-18.44.47:124][395]Cmd: MAP LOAD FILE="../../../../../../Users/iD Student/Desktop/WetCigStudios/Content/VehicleBP/Maps/CodeMap.umap" TEMPLATE=0 SHOWPROGRESS=1 FEATURELEVEL=3
[2018.06.27-18.44.47:129][395]LogSlate: Took 0.000198 seconds to synchronously load lazily loaded font '../../../Engine/Content/Slate/Fonts/Roboto-Light.ttf' (167K)
[2018.06.27-18.44.47:145][395]LightingResults: New page: Lighting Build
[2018.06.27-18.44.47:149][395]LogContentBrowser: Native class hierarchy updated for 'StatsViewer' in 0.0004 seconds. Added 5 classes and 0 folders.
[2018.06.27-18.44.47:151][395]LoadErrors: New page: Loading map: CodeMap.umap
[2018.06.27-18.44.47:152][395]MapCheck: New page: Map Check
[2018.06.27-18.44.47:153][395]LightingResults: New page: Lighting Build
[2018.06.27-18.44.47:265][395]LogUObjectGlobals: Created PersistentFrame Addr=0x000001e34adeee00, Size=472, Default__BPHoverComponent_C Function /Game/StarterContent/Blueprints/BPHoverComponent.BPHoverComponent_C:ExecuteUbergraph_BPHoverComponent
[2018.06.27-18.44.47:267][395]LogUObjectGlobals: Created PersistentFrame Addr=0x000001e340b50a00, Size=384, Default__BPHoverVehical_C Function /Game/StarterContent/Blueprints/BPHoverVehical.BPHoverVehical_C:ExecuteUbergraph_BPHoverVehical
[2018.06.27-18.44.47:295][395]LogUObjectGlobals: Destroyed PersistentFrame Addr=0x000001e34adeee00, Size=472
[2018.06.27-18.44.47:295][395]LogUObjectGlobals: Created PersistentFrame Addr=0x000001e34f522000, Size=472, Default__BPHoverComponent_C Function /Engine/Transient.REINST_BPHoverComponent_C_5:ExecuteUbergraph_BPHoverComponent
[2018.06.27-18.44.47:296][395]LogUObjectGlobals: Destroyed PersistentFrame Addr=0x000001e340b50a00, Size=384
[2018.06.27-18.44.47:296][395]LogUObjectGlobals: Created PersistentFrame Addr=0x000001e340ebf280, Size=384, Default__BPHoverVehical_C Function /Engine/Transient.REINST_BPHoverVehical_C_6:ExecuteUbergraph_BPHoverVehical
[2018.06.27-18.44.47:303][395]LogUObjectGlobals: Created PersistentFrame Addr=0x000001e34f63cc00, Size=472, Default__BPHoverComponent_C Function /Game/StarterContent/Blueprints/BPHoverComponent.BPHoverComponent_C:ExecuteUbergraph_BPHoverComponent
[2018.06.27-18.44.47:304][395]LogUObjectGlobals: Created PersistentFrame Addr=0x000001e340f06380, Size=384, Default__BPHoverVehical_C Function /Game/StarterContent/Blueprints/BPHoverVehical.BPHoverVehical_C:ExecuteUbergraph_BPHoverVehical
[2018.06.27-18.44.47:337][395]LogUObjectGlobals: Created PersistentFrame Addr=0x000001e340f31e00, Size=232, Default__NewBlueprint_C Function /Game/StarterContent/Blueprints/NewBlueprint.NewBlueprint_C:ExecuteUbergraph_NewBlueprint
[2018.06.27-18.44.47:340][395]LogUObjectGlobals: Destroyed PersistentFrame Addr=0x000001e340f31e00, Size=232
[2018.06.27-18.44.47:340][395]LogUObjectGlobals: Created PersistentFrame Addr=0x000001e340f31e00, Size=232, Default__NewBlueprint_C Function /Engine/Transient.REINST_NewBlueprint_C_9:ExecuteUbergraph_NewBlueprint
[2018.06.27-18.44.47:342][395]LogUObjectGlobals: Created PersistentFrame Addr=0x000001e366c82b00, Size=232, Default__NewBlueprint_C Function /Game/StarterContent/Blueprints/NewBlueprint.NewBlueprint_C:ExecuteUbergraph_NewBlueprint
[2018.06.27-18.44.47:350][395]LogUObjectGlobals: Created PersistentFrame Addr=0x000001e340b626c8, Size=4, Default__Sedan_AnimBP_C Function /Game/Vehicle/Sedan/Sedan_AnimBP.Sedan_AnimBP_C:ExecuteUbergraph_Sedan_AnimBP
[2018.06.27-18.44.47:352][395]LogUObjectGlobals: Destroyed PersistentFrame Addr=0x000001e340b626c8, Size=4
[2018.06.27-18.44.47:352][395]LogUObjectGlobals: Created PersistentFrame Addr=0x000001e340b626c8, Size=4, Default__Sedan_AnimBP_C Function /Engine/Transient.REINST_Sedan_AnimBP_C_0:ExecuteUbergraph_Sedan_AnimBP
[2018.06.27-18.44.47:353][395]LogUObjectGlobals: Created PersistentFrame Addr=0x000001e340b625f0, Size=4, Default__Sedan_AnimBP_C Function /Game/Vehicle/Sedan/Sedan_AnimBP.Sedan_AnimBP_C:ExecuteUbergraph_Sedan_AnimBP
[2018.06.27-18.44.47:357][395]LogUObjectGlobals: Created PersistentFrame Addr=0x000001e341806c00, Size=160, Default__VehicleHUD_C Function /Game/VehicleBP/Blueprints/VehicleHUD.VehicleHUD_C:ExecuteUbergraph_VehicleHUD
[2018.06.27-18.44.47:364][395]LogUObjectGlobals: Created PersistentFrame Addr=0x000001e34180b400, Size=384, Default__Sedan_C Function /Game/VehicleBP/Sedan/Sedan.Sedan_C:ExecuteUbergraph_Sedan
[2018.06.27-18.44.47:406][395]LogUObjectGlobals: Destroyed PersistentFrame Addr=0x000001e341806c00, Size=160
[2018.06.27-18.44.47:406][395]LogUObjectGlobals: Created PersistentFrame Addr=0x000001e342418f40, Size=160, Default__VehicleHUD_C Function /Engine/Transient.REINST_VehicleHUD_C_12:ExecuteUbergraph_VehicleHUD
[2018.06.27-18.44.47:407][395]LogUObjectGlobals: Destroyed PersistentFrame Addr=0x000001e34180b400, Size=384
[2018.06.27-18.44.47:407][395]LogUObjectGlobals: Created PersistentFrame Addr=0x000001e341ffa380, Size=384, Default__Sedan_C Function /Engine/Transient.REINST_Sedan_C_13:ExecuteUbergraph_Sedan
[2018.06.27-18.44.47:419][395]LogUObjectGlobals: Created PersistentFrame Addr=0x000001e341fc1440, Size=160, Default__VehicleHUD_C Function /Game/VehicleBP/Blueprints/VehicleHUD.VehicleHUD_C:ExecuteUbergraph_VehicleHUD
[2018.06.27-18.44.47:421][395]LogUObjectGlobals: Created PersistentFrame Addr=0x000001e341f76200, Size=384, Default__Sedan_C Function /Game/VehicleBP/Sedan/Sedan.Sedan_C:ExecuteUbergraph_Sedan
[2018.06.27-18.44.47:661][395]LogSkeletalMesh: Skeletal Mesh found in DDC [6.839786ms] /Game/Vehicle/Sedan/Sedan_SkelMesh.Sedan_SkelMesh
[2018.06.27-18.44.47:780][395]LogAIModule: Creating AISystem for world CodeMap
[2018.06.27-18.44.47:798][395]LogEditorServer: Finished looking for orphan Actors (0.000 secs)
[2018.06.27-18.44.47:813][395]LogUObjectGlobals: Destroyed PersistentFrame Addr=0x000001e34f522000, Size=472
[2018.06.27-18.44.47:813][395]LogUObjectGlobals: Destroyed PersistentFrame Addr=0x000001e340ebf280, Size=384
[2018.06.27-18.44.47:813][395]LogUObjectGlobals: Destroyed PersistentFrame Addr=0x000001e340f31e00, Size=232
[2018.06.27-18.44.47:813][395]LogUObjectGlobals: Destroyed PersistentFrame Addr=0x000001e340b626c8, Size=4
[2018.06.27-18.44.47:813][395]LogUObjectGlobals: Destroyed PersistentFrame Addr=0x000001e342418f40, Size=160
[2018.06.27-18.44.47:814][395]LogUObjectGlobals: Destroyed PersistentFrame Addr=0x000001e341ffa380, Size=384
[2018.06.27-18.44.47:849][395]Cmd: MAP CHECKDEP NOCLEARLOG
[2018.06.27-18.44.47:900][395]MapCheck: Map check complete: 0 Error(s), 0 Warning(s), took 50.994ms to complete.
[2018.06.27-18.44.47:900][395]LogFileHelpers: Loading map 'CodeMap' took 0.777
[2018.06.27-18.44.47:903][395]LogSlate: Window 'Open Level' being destroyed
[2018.06.27-18.44.49:457][473]LogSlate: FSceneViewport::OnFocusLost() reason 0
[2018.06.27-18.44.49:890][499]LogTemp: Repeating last play command: Selected Viewport
[2018.06.27-18.44.49:909][499]LogBlueprintUserMessages: Early PlayInEditor Detection: Level '/Game/VehicleBP/Maps/CodeMap.CodeMap:PersistentLevel' has LevelScriptBlueprint '/Game/VehicleBP/Maps/CodeMap.CodeMap:PersistentLevel.CodeMap' with GeneratedClass '/Game/VehicleBP/Maps/CodeMap.CodeMap_C' with ClassGeneratedBy '/Game/VehicleBP/Maps/CodeMap.CodeMap:PersistentLevel.CodeMap'
[2018.06.27-18.44.49:909][499]LogPlayLevel: PlayLevel: No blueprints needed recompiling
[2018.06.27-18.44.49:909][499]PIE: New page: PIE session: CodeMap (Jun 27, 2018, 10:44:49 AM)
[2018.06.27-18.44.49:910][499]LogPlayLevel: Creating play world package: /Game/VehicleBP/Maps/UEDPIE_0_CodeMap
[2018.06.27-18.44.49:944][499]LogPlayLevel: PIE: StaticDuplicateObject took: (0.033702s)
[2018.06.27-18.44.49:946][499]LogAIModule: Creating AISystem for world CodeMap
[2018.06.27-18.44.49:946][499]LogPlayLevel: PIE: World Init took: (0.001780s)
[2018.06.27-18.44.49:946][499]LogPlayLevel: PIE: Created PIE world by copying editor world from /Game/VehicleBP/Maps/CodeMap.CodeMap to /Game/VehicleBP/Maps/UEDPIE_0_CodeMap.CodeMap (0.036028s)
[2018.06.27-18.44.49:961][499]LogInit: XAudio2 using 'Speakers / Headphones (Realtek Audio)' : 2 channels at 48 kHz using 32 bits per sample (channel mask 0x3)
[2018.06.27-18.44.50:027][499]LogInit: FAudioDevice initialized.
[2018.06.27-18.44.50:072][499]LogLoad: Game class is 'VehicleGameMode_C'
[2018.06.27-18.44.50:080][499]LogWorld: Bringing World /Game/VehicleBP/Maps/UEDPIE_0_CodeMap.CodeMap up for play (max tick rate 60) at 2018.06.27-14.44.50
[2018.06.27-18.44.50:081][499]LogWorld: Bringing up level for play took: 0.005298
[2018.06.27-18.44.50:089][499]LogContentBrowser: Native class hierarchy updated for 'MovieSceneCapture' in 0.0006 seconds. Added 11 classes and 0 folders.
[2018.06.27-18.44.50:090][499]PIE: Play in editor start time for /Game/VehicleBP/Maps/UEDPIE_0_CodeMap 0.105
[2018.06.27-18.44.50:091][499]LogBlueprintUserMessages: Late PlayInEditor Detection: Level '/Game/VehicleBP/Maps/CodeMap.CodeMap:PersistentLevel' has LevelScriptBlueprint '/Game/VehicleBP/Maps/CodeMap.CodeMap:PersistentLevel.CodeMap' with GeneratedClass '/Game/VehicleBP/Maps/CodeMap.CodeMap_C' with ClassGeneratedBy '/Game/VehicleBP/Maps/CodeMap.CodeMap:PersistentLevel.CodeMap'
[2018.06.27-18.44.52:454][633]LogBlueprintUserMessages: Early EndPlayMap Detection: Level '/Game/VehicleBP/Maps/CodeMap.CodeMap:PersistentLevel' has LevelScriptBlueprint '/Game/VehicleBP/Maps/CodeMap.CodeMap:PersistentLevel.CodeMap' with GeneratedClass '/Game/VehicleBP/Maps/CodeMap.CodeMap_C' with ClassGeneratedBy '/Game/VehicleBP/Maps/CodeMap.CodeMap:PersistentLevel.CodeMap'
[2018.06.27-18.44.52:492][633]LogBlueprintUserMessages: Late EndPlayMap Detection: Level '/Game/VehicleBP/Maps/CodeMap.CodeMap:PersistentLevel' has LevelScriptBlueprint '/Game/VehicleBP/Maps/CodeMap.CodeMap:PersistentLevel.CodeMap' with GeneratedClass '/Game/VehicleBP/Maps/CodeMap.CodeMap_C' with ClassGeneratedBy '/Game/VehicleBP/Maps/CodeMap.CodeMap:PersistentLevel.CodeMap'
[2018.06.27-18.44.55:691][822]LogSlate: FSceneViewport::OnFocusLost() reason 0
[2018.06.27-18.44.56:190][832]LogContentBrowser: Native class hierarchy updated for 'BlueprintGraph' in 0.0006 seconds. Added 116 classes and 0 folders.
[2018.06.27-18.44.56:491][832]LogUObjectGlobals: Created PersistentFrame Addr=0x000001e300d6c368, Size=4, Default__SKEL_PROTO_BP_AnimBlueprint_0_C Function /Engine/Transient.SKEL_PROTO_BP_AnimBlueprint_0_C:ExecuteUbergraph_PROTO_BP_AnimBlueprint_0
[2018.06.27-18.44.56:492][832]LogUObjectGlobals: Created PersistentFrame Addr=0x000001e300d6c360, Size=4, Default__PROTO_BP_AnimBlueprint_0_C Function /Engine/Transient.PROTO_BP_AnimBlueprint_0_C:ExecuteUbergraph_PROTO_BP_AnimBlueprint_0
[2018.06.27-18.44.56:951][832]LogSlate: Took 0.000205 seconds to synchronously load lazily loaded font '../../../Engine/Content/Slate/Fonts/Roboto-BoldCondensed.ttf' (158K)
[2018.06.27-18.44.57:056][833]LogSlate: Took 0.000205 seconds to synchronously load lazily loaded font '../../../Engine/Content/Slate/Fonts/Roboto-Italic.ttf' (157K)
[2018.06.27-18.46.39:862][262]LogSelectionDetails: Warning: NavigateToFunctionSource:  Unable to find symbols for 'AActor::K2_TeleportTo' [Element not found.]
[2018.06.27-18.47.59:412][836]BlueprintLog: New page: Compile BPHoverVehical
[2018.06.27-18.47.59:443][836]LogUObjectGlobals: Destroyed PersistentFrame Addr=0x000001e340f06380, Size=384
[2018.06.27-18.47.59:443][836]LogUObjectGlobals: Created PersistentFrame Addr=0x000001e370d47100, Size=384, Default__BPHoverVehical_C Function /Engine/Transient.REINST_BPHoverVehical_C_34:ExecuteUbergraph_BPHoverVehical
[2018.06.27-18.47.59:449][836]LogUObjectGlobals: Created PersistentFrame Addr=0x000001e374c83000, Size=456, Default__BPHoverVehical_C Function /Game/StarterContent/Blueprints/BPHoverVehical.BPHoverVehical_C:ExecuteUbergraph_BPHoverVehical
[2018.06.27-18.48.02:869][977]LogSlate: FSceneViewport::OnFocusLost() reason 0
[2018.06.27-18.48.02:946][981]LogTemp: Repeating last play command: Selected Viewport
[2018.06.27-18.48.02:978][981]LogBlueprintUserMessages: Early PlayInEditor Detection: Level '/Game/VehicleBP/Maps/CodeMap.CodeMap:PersistentLevel' has LevelScriptBlueprint '/Game/VehicleBP/Maps/CodeMap.CodeMap:PersistentLevel.CodeMap' with GeneratedClass '/Game/VehicleBP/Maps/CodeMap.CodeMap_C' with ClassGeneratedBy '/Game/VehicleBP/Maps/CodeMap.CodeMap:PersistentLevel.CodeMap'
[2018.06.27-18.48.02:979][981]LogPlayLevel: PlayLevel: No blueprints needed recompiling
[2018.06.27-18.48.02:979][981]PIE: New page: PIE session: CodeMap (Jun 27, 2018, 10:48:02 AM)
[2018.06.27-18.48.02:979][981]LogPlayLevel: Creating play world package: /Game/VehicleBP/Maps/UEDPIE_0_CodeMap
[2018.06.27-18.48.03:003][981]LogPlayLevel: PIE: StaticDuplicateObject took: (0.023948s)
[2018.06.27-18.48.03:004][981]LogAIModule: Creating AISystem for world CodeMap
[2018.06.27-18.48.03:004][981]LogPlayLevel: PIE: World Init took: (0.001322s)
[2018.06.27-18.48.03:004][981]LogPlayLevel: PIE: Created PIE world by copying editor world from /Game/VehicleBP/Maps/CodeMap.CodeMap to /Game/VehicleBP/Maps/UEDPIE_0_CodeMap.CodeMap (0.025628s)
[2018.06.27-18.48.03:027][981]LogUObjectGlobals: Destroyed PersistentFrame Addr=0x000001e370d47100, Size=384
[2018.06.27-18.48.03:030][981]LogInit: XAudio2 using 'Speakers / Headphones (Realtek Audio)' : 2 channels at 48 kHz using 32 bits per sample (channel mask 0x3)
[2018.06.27-18.48.03:099][981]LogInit: FAudioDevice initialized.
[2018.06.27-18.48.03:138][981]LogLoad: Game class is 'VehicleGameMode_C'
[2018.06.27-18.48.03:155][981]LogWorld: Bringing World /Game/VehicleBP/Maps/UEDPIE_0_CodeMap.CodeMap up for play (max tick rate 60) at 2018.06.27-14.48.03
[2018.06.27-18.48.03:157][981]LogWorld: Bringing up level for play took: 0.006644
[2018.06.27-18.48.03:159][981]PIE: Play in editor start time for /Game/VehicleBP/Maps/UEDPIE_0_CodeMap 1.173
[2018.06.27-18.48.03:159][981]LogBlueprintUserMessages: Late PlayInEditor Detection: Level '/Game/VehicleBP/Maps/CodeMap.CodeMap:PersistentLevel' has LevelScriptBlueprint '/Game/VehicleBP/Maps/CodeMap.CodeMap:PersistentLevel.CodeMap' with GeneratedClass '/Game/VehicleBP/Maps/CodeMap.CodeMap_C' with ClassGeneratedBy '/Game/VehicleBP/Maps/CodeMap.CodeMap:PersistentLevel.CodeMap'
[2018.06.27-18.48.07:755][238]LogBlueprintUserMessages: Early EndPlayMap Detection: Level '/Game/VehicleBP/Maps/CodeMap.CodeMap:PersistentLevel' has LevelScriptBlueprint '/Game/VehicleBP/Maps/CodeMap.CodeMap:PersistentLevel.CodeMap' with GeneratedClass '/Game/VehicleBP/Maps/CodeMap.CodeMap_C' with ClassGeneratedBy '/Game/VehicleBP/Maps/CodeMap.CodeMap:PersistentLevel.CodeMap'
[2018.06.27-18.48.07:800][238]LogBlueprintUserMessages: Late EndPlayMap Detection: Level '/Game/VehicleBP/Maps/CodeMap.CodeMap:PersistentLevel' has LevelScriptBlueprint '/Game/VehicleBP/Maps/CodeMap.CodeMap:PersistentLevel.CodeMap' with GeneratedClass '/Game/VehicleBP/Maps/CodeMap.CodeMap_C' with ClassGeneratedBy '/Game/VehicleBP/Maps/CodeMap.CodeMap:PersistentLevel.CodeMap'
[2018.06.27-18.48.09:418][322]LogSlate: FSceneViewport::OnFocusLost() reason 0
[2018.06.27-18.48.09:471][325]LogTemp: Repeating last play command: Selected Viewport
[2018.06.27-18.48.09:506][325]LogBlueprintUserMessages: Early PlayInEditor Detection: Level '/Game/VehicleBP/Maps/CodeMap.CodeMap:PersistentLevel' has LevelScriptBlueprint '/Game/VehicleBP/Maps/CodeMap.CodeMap:PersistentLevel.CodeMap' with GeneratedClass '/Game/VehicleBP/Maps/CodeMap.CodeMap_C' with ClassGeneratedBy '/Game/VehicleBP/Maps/CodeMap.CodeMap:PersistentLevel.CodeMap'
[2018.06.27-18.48.09:507][325]LogPlayLevel: PlayLevel: No blueprints needed recompiling
[2018.06.27-18.48.09:507][325]PIE: New page: PIE session: CodeMap (Jun 27, 2018, 10:48:09 AM)
[2018.06.27-18.48.09:507][325]LogPlayLevel: Creating play world package: /Game/VehicleBP/Maps/UEDPIE_0_CodeMap
[2018.06.27-18.48.09:528][325]LogPlayLevel: PIE: StaticDuplicateObject took: (0.021322s)
[2018.06.27-18.48.09:529][325]LogAIModule: Creating AISystem for world CodeMap
[2018.06.27-18.48.09:529][325]LogPlayLevel: PIE: World Init took: (0.001006s)
[2018.06.27-18.48.09:529][325]LogPlayLevel: PIE: Created PIE world by copying editor world from /Game/VehicleBP/Maps/CodeMap.CodeMap to /Game/VehicleBP/Maps/UEDPIE_0_CodeMap.CodeMap (0.022672s)
[2018.06.27-18.48.09:555][325]LogInit: XAudio2 using 'Speakers / Headphones (Realtek Audio)' : 2 channels at 48 kHz using 32 bits per sample (channel mask 0x3)
[2018.06.27-18.48.09:623][325]LogInit: FAudioDevice initialized.
[2018.06.27-18.48.09:653][325]LogLoad: Game class is 'VehicleGameMode_C'
[2018.06.27-18.48.09:658][325]LogWorld: Bringing World /Game/VehicleBP/Maps/UEDPIE_0_CodeMap.CodeMap up for play (max tick rate 60) at 2018.06.27-14.48.09
[2018.06.27-18.48.09:659][325]LogWorld: Bringing up level for play took: 0.002261
[2018.06.27-18.48.09:659][325]PIE: Play in editor start time for /Game/VehicleBP/Maps/UEDPIE_0_CodeMap -0.326
[2018.06.27-18.48.09:660][325]LogBlueprintUserMessages: Late PlayInEditor Detection: Level '/Game/VehicleBP/Maps/CodeMap.CodeMap:PersistentLevel' has LevelScriptBlueprint '/Game/VehicleBP/Maps/CodeMap.CodeMap:PersistentLevel.CodeMap' with GeneratedClass '/Game/VehicleBP/Maps/CodeMap.CodeMap_C' with ClassGeneratedBy '/Game/VehicleBP/Maps/CodeMap.CodeMap:PersistentLevel.CodeMap'
[2018.06.27-18.48.56:640][ 38]LogBlueprintUserMessages: Early EndPlayMap Detection: Level '/Game/VehicleBP/Maps/CodeMap.CodeMap:PersistentLevel' has LevelScriptBlueprint '/Game/VehicleBP/Maps/CodeMap.CodeMap:PersistentLevel.CodeMap' with GeneratedClass '/Game/VehicleBP/Maps/CodeMap.CodeMap_C' with ClassGeneratedBy '/Game/VehicleBP/Maps/CodeMap.CodeMap:PersistentLevel.CodeMap'
[2018.06.27-18.48.56:685][ 38]LogBlueprintUserMessages: Late EndPlayMap Detection: Level '/Game/VehicleBP/Maps/CodeMap.CodeMap:PersistentLevel' has LevelScriptBlueprint '/Game/VehicleBP/Maps/CodeMap.CodeMap:PersistentLevel.CodeMap' with GeneratedClass '/Game/VehicleBP/Maps/CodeMap.CodeMap_C' with ClassGeneratedBy '/Game/VehicleBP/Maps/CodeMap.CodeMap:PersistentLevel.CodeMap'
[2018.06.27-18.48.59:789][203]LogSlate: FSceneViewport::OnFocusLost() reason 2
[2018.06.27-18.49.00:918][259]LogSlate: FSceneViewport::OnFocusLost() reason 2
[2018.06.27-18.49.00:990][259]Cmd: OBJ SAVEPACKAGE PACKAGE="/Game/VehicleBP/Maps/CodeMap" FILE="../../../../../../Users/iD Student/Desktop/WetCigStudios/Content/VehicleBP/Maps/CodeMap.umap" SILENT=true AUTOSAVING=false KEEPDIRTY=false
[2018.06.27-18.49.02:075][259]LogSavePackage: Save=1005.94ms
[2018.06.27-18.49.02:075][259]LogSavePackage: Moving '../../../../../../Users/iD Student/Desktop/WetCigStudios/Saved/CodeMap95353BF24CF4CE51B22102B9C3DC6952.tmp' to '../../../../../../Users/iD Student/Desktop/WetCigStudios/Content/VehicleBP/Maps/CodeMap.umap'
[2018.06.27-18.49.02:081][259]LogSavePackage: Display: Finished SavePackage ../../../../../../Users/iD Student/Desktop/WetCigStudios/Content/VehicleBP/Maps/CodeMap.umap
[2018.06.27-18.49.02:112][259]LogFileHelpers: Saving map 'CodeMap' took 1.180
[2018.06.27-18.49.02:212][259]LogSavePackage: Save=47.96ms
[2018.06.27-18.49.02:212][259]LogSavePackage: Moving '../../../../../../Users/iD Student/Desktop/WetCigStudios/Saved/BPHoverVehical9315DF0842B7C3BA709BD2BEA4DB6C54.tmp' to '../../../../../../Users/iD Student/Desktop/WetCigStudios/Content/StarterContent/Blueprints/BPHoverVehical.uasset'
[2018.06.27-18.49.02:216][259]LogSavePackage: Display: Finished SavePackage ../../../../../../Users/iD Student/Desktop/WetCigStudios/Content/StarterContent/Blueprints/BPHoverVehical.uasset
[2018.06.27-18.49.03:955][354]LogSlate: FSceneViewport::OnFocusLost() reason 0
